running egg_info
creating ../build/my_robot_controller/my_robot_controller.egg-info
writing ../build/my_robot_controller/my_robot_controller.egg-info/PKG-INFO
writing dependency_links to ../build/my_robot_controller/my_robot_controller.egg-info/dependency_links.txt
writing entry points to ../build/my_robot_controller/my_robot_controller.egg-info/entry_points.txt
writing requirements to ../build/my_robot_controller/my_robot_controller.egg-info/requires.txt
writing top-level names to ../build/my_robot_controller/my_robot_controller.egg-info/top_level.txt
writing manifest file '../build/my_robot_controller/my_robot_controller.egg-info/SOURCES.txt'
reading manifest file '../build/my_robot_controller/my_robot_controller.egg-info/SOURCES.txt'
writing manifest file '../build/my_robot_controller/my_robot_controller.egg-info/SOURCES.txt'
running build
running build_py
creating /home/vd/ros2ws/src/build/my_robot_controller/build
creating /home/vd/ros2ws/src/build/my_robot_controller/build/lib
creating /home/vd/ros2ws/src/build/my_robot_controller/build/lib/my_robot_controller
copying my_robot_controller/draw_circle.py -> /home/vd/ros2ws/src/build/my_robot_controller/build/lib/my_robot_controller
copying my_robot_controller/__init__.py -> /home/vd/ros2ws/src/build/my_robot_controller/build/lib/my_robot_controller
copying my_robot_controller/pose_subscriber.py -> /home/vd/ros2ws/src/build/my_robot_controller/build/lib/my_robot_controller
copying my_robot_controller/my_first_node.py -> /home/vd/ros2ws/src/build/my_robot_controller/build/lib/my_robot_controller
running install
running install_lib
creating /home/vd/ros2ws/src/install/my_robot_controller/lib/python3.10/site-packages/my_robot_controller
copying /home/vd/ros2ws/src/build/my_robot_controller/build/lib/my_robot_controller/draw_circle.py -> /home/vd/ros2ws/src/install/my_robot_controller/lib/python3.10/site-packages/my_robot_controller
copying /home/vd/ros2ws/src/build/my_robot_controller/build/lib/my_robot_controller/__init__.py -> /home/vd/ros2ws/src/install/my_robot_controller/lib/python3.10/site-packages/my_robot_controller
copying /home/vd/ros2ws/src/build/my_robot_controller/build/lib/my_robot_controller/pose_subscriber.py -> /home/vd/ros2ws/src/install/my_robot_controller/lib/python3.10/site-packages/my_robot_controller
copying /home/vd/ros2ws/src/build/my_robot_controller/build/lib/my_robot_controller/my_first_node.py -> /home/vd/ros2ws/src/install/my_robot_controller/lib/python3.10/site-packages/my_robot_controller
byte-compiling /home/vd/ros2ws/src/install/my_robot_controller/lib/python3.10/site-packages/my_robot_controller/draw_circle.py to draw_circle.cpython-310.pyc
byte-compiling /home/vd/ros2ws/src/install/my_robot_controller/lib/python3.10/site-packages/my_robot_controller/__init__.py to __init__.cpython-310.pyc
byte-compiling /home/vd/ros2ws/src/install/my_robot_controller/lib/python3.10/site-packages/my_robot_controller/pose_subscriber.py to pose_subscriber.cpython-310.pyc
byte-compiling /home/vd/ros2ws/src/install/my_robot_controller/lib/python3.10/site-packages/my_robot_controller/my_first_node.py to my_first_node.cpython-310.pyc
running install_data
creating /home/vd/ros2ws/src/install/my_robot_controller/share/ament_index
creating /home/vd/ros2ws/src/install/my_robot_controller/share/ament_index/resource_index
error: can't copy 'resource/my_robot_controller': doesn't exist or not a regular file
creating /home/vd/ros2ws/src/install/my_robot_controller/share/ament_index/resource_index/packages
