/home/vd/ros2ws/install/py_pubsub/lib/python3.10/site-packages/py_pubsub/msgsub.py
/home/vd/ros2ws/install/py_pubsub/lib/python3.10/site-packages/py_pubsub/subscriber_member_function.py
/home/vd/ros2ws/install/py_pubsub/lib/python3.10/site-packages/py_pubsub/msgpub.py
/home/vd/ros2ws/install/py_pubsub/lib/python3.10/site-packages/py_pubsub/publisher_member_function.py
/home/vd/ros2ws/install/py_pubsub/lib/python3.10/site-packages/py_pubsub/__init__.py
/home/vd/ros2ws/install/py_pubsub/lib/python3.10/site-packages/py_pubsub/__pycache__/msgsub.cpython-310.pyc
/home/vd/ros2ws/install/py_pubsub/lib/python3.10/site-packages/py_pubsub/__pycache__/subscriber_member_function.cpython-310.pyc
/home/vd/ros2ws/install/py_pubsub/lib/python3.10/site-packages/py_pubsub/__pycache__/msgpub.cpython-310.pyc
/home/vd/ros2ws/install/py_pubsub/lib/python3.10/site-packages/py_pubsub/__pycache__/publisher_member_function.cpython-310.pyc
/home/vd/ros2ws/install/py_pubsub/lib/python3.10/site-packages/py_pubsub/__pycache__/__init__.cpython-310.pyc
/home/vd/ros2ws/install/py_pubsub/share/ament_index/resource_index/packages/py_pubsub
/home/vd/ros2ws/install/py_pubsub/share/py_pubsub/package.xml
/home/vd/ros2ws/install/py_pubsub/lib/python3.10/site-packages/py_pubsub-0.0.0-py3.10.egg-info/SOURCES.txt
/home/vd/ros2ws/install/py_pubsub/lib/python3.10/site-packages/py_pubsub-0.0.0-py3.10.egg-info/zip-safe
/home/vd/ros2ws/install/py_pubsub/lib/python3.10/site-packages/py_pubsub-0.0.0-py3.10.egg-info/requires.txt
/home/vd/ros2ws/install/py_pubsub/lib/python3.10/site-packages/py_pubsub-0.0.0-py3.10.egg-info/PKG-INFO
/home/vd/ros2ws/install/py_pubsub/lib/python3.10/site-packages/py_pubsub-0.0.0-py3.10.egg-info/top_level.txt
/home/vd/ros2ws/install/py_pubsub/lib/python3.10/site-packages/py_pubsub-0.0.0-py3.10.egg-info/dependency_links.txt
/home/vd/ros2ws/install/py_pubsub/lib/python3.10/site-packages/py_pubsub-0.0.0-py3.10.egg-info/entry_points.txt
/home/vd/ros2ws/install/py_pubsub/lib/py_pubsub/listener1
/home/vd/ros2ws/install/py_pubsub/lib/py_pubsub/listner
/home/vd/ros2ws/install/py_pubsub/lib/py_pubsub/talker
/home/vd/ros2ws/install/py_pubsub/lib/py_pubsub/talker1
