[0.334s] DEBUG:colcon:Command line arguments: ['/usr/bin/colcon', 'list', '-p', '--base-paths', '/home/vd/ros2ws']
[0.334s] DEBUG:colcon:Parsed command line arguments: Namespace(log_base=None, log_level=None, verb_name='list', build_base='build', ignore_user_meta=False, metas=['./colcon.meta'], base_paths=['/home/vd/ros2ws'], packages_ignore=None, packages_ignore_regex=None, paths=None, packages_up_to=None, packages_up_to_regex=None, packages_above=None, packages_above_and_dependencies=None, packages_above_depth=None, packages_select_by_dep=None, packages_skip_by_dep=None, packages_skip_up_to=None, packages_select_build_failed=False, packages_skip_build_finished=False, packages_select_test_failures=False, packages_skip_test_passed=False, packages_select=None, packages_skip=None, packages_select_regex=None, packages_skip_regex=None, packages_start=None, packages_end=None, allow_overriding=[], topological_order=False, names_only=False, paths_only=True, topological_graph=False, topological_graph_dot=False, topological_graph_density=False, topological_graph_legend=False, topological_graph_dot_cluster=False, topological_graph_dot_include_skipped=False, mixin_files=None, mixin=None, verb_parser=<colcon_mixin.mixin.mixin_argument.MixinArgumentDecorator object at 0x782b4816f580>, verb_extension=<colcon_package_information.verb.list.ListVerb object at 0x782b4812cdc0>, main=<bound method ListVerb.main of <colcon_package_information.verb.list.ListVerb object at 0x782b4812cdc0>>, mixin_verb=('list',))
[0.595s] Level 1:colcon.colcon_core.package_discovery:discover_packages(colcon_meta) check parameters
[0.595s] Level 1:colcon.colcon_core.package_discovery:discover_packages(recursive) check parameters
[0.595s] Level 1:colcon.colcon_core.package_discovery:discover_packages(ignore) check parameters
[0.595s] Level 1:colcon.colcon_core.package_discovery:discover_packages(path) check parameters
[0.596s] Level 1:colcon.colcon_core.package_discovery:discover_packages(recursive) discover
[0.596s] INFO:colcon.colcon_core.package_discovery:Crawling recursively for packages in '/home/vd/ros2ws'
[0.596s] Level 1:colcon.colcon_core.package_identification:_identify(/home/vd/ros2ws) by extensions ['ignore', 'ignore_ament_install']
[0.596s] Level 1:colcon.colcon_core.package_identification:_identify(/home/vd/ros2ws) by extension 'ignore'
[0.596s] Level 1:colcon.colcon_core.package_identification:_identify(/home/vd/ros2ws) by extension 'ignore_ament_install'
[0.596s] Level 1:colcon.colcon_core.package_identification:_identify(/home/vd/ros2ws) by extensions ['colcon_pkg']
[0.597s] Level 1:colcon.colcon_core.package_identification:_identify(/home/vd/ros2ws) by extension 'colcon_pkg'
[0.597s] Level 1:colcon.colcon_core.package_identification:_identify(/home/vd/ros2ws) by extensions ['colcon_meta']
[0.597s] Level 1:colcon.colcon_core.package_identification:_identify(/home/vd/ros2ws) by extension 'colcon_meta'
[0.597s] Level 1:colcon.colcon_core.package_identification:_identify(/home/vd/ros2ws) by extensions ['ros']
[0.597s] Level 1:colcon.colcon_core.package_identification:_identify(/home/vd/ros2ws) by extension 'ros'
[0.630s] Level 1:colcon.colcon_core.package_identification:_identify(/home/vd/ros2ws) by extensions ['cmake', 'python']
[0.630s] Level 1:colcon.colcon_core.package_identification:_identify(/home/vd/ros2ws) by extension 'cmake'
[0.630s] Level 1:colcon.colcon_core.package_identification:_identify(/home/vd/ros2ws) by extension 'python'
[0.630s] Level 1:colcon.colcon_core.package_identification:_identify(/home/vd/ros2ws) by extensions ['python_setup_py']
[0.630s] Level 1:colcon.colcon_core.package_identification:_identify(/home/vd/ros2ws) by extension 'python_setup_py'
[0.631s] Level 1:colcon.colcon_core.package_identification:_identify(/home/vd/ros2ws/build) by extensions ['ignore', 'ignore_ament_install']
[0.631s] Level 1:colcon.colcon_core.package_identification:_identify(/home/vd/ros2ws/build) by extension 'ignore'
[0.631s] Level 1:colcon.colcon_core.package_identification:_identify(/home/vd/ros2ws/build) ignored
[0.631s] Level 1:colcon.colcon_core.package_identification:_identify(/home/vd/ros2ws/install) by extensions ['ignore', 'ignore_ament_install']
[0.631s] Level 1:colcon.colcon_core.package_identification:_identify(/home/vd/ros2ws/install) by extension 'ignore'
[0.631s] Level 1:colcon.colcon_core.package_identification:_identify(/home/vd/ros2ws/install) ignored
[0.631s] Level 1:colcon.colcon_core.package_identification:_identify(/home/vd/ros2ws/log) by extensions ['ignore', 'ignore_ament_install']
[0.631s] Level 1:colcon.colcon_core.package_identification:_identify(/home/vd/ros2ws/log) by extension 'ignore'
[0.631s] Level 1:colcon.colcon_core.package_identification:_identify(/home/vd/ros2ws/log) ignored
[0.632s] Level 1:colcon.colcon_core.package_identification:_identify(/home/vd/ros2ws/src) by extensions ['ignore', 'ignore_ament_install']
[0.632s] Level 1:colcon.colcon_core.package_identification:_identify(/home/vd/ros2ws/src) by extension 'ignore'
[0.632s] Level 1:colcon.colcon_core.package_identification:_identify(/home/vd/ros2ws/src) by extension 'ignore_ament_install'
[0.632s] Level 1:colcon.colcon_core.package_identification:_identify(/home/vd/ros2ws/src) by extensions ['colcon_pkg']
[0.632s] Level 1:colcon.colcon_core.package_identification:_identify(/home/vd/ros2ws/src) by extension 'colcon_pkg'
[0.632s] Level 1:colcon.colcon_core.package_identification:_identify(/home/vd/ros2ws/src) by extensions ['colcon_meta']
[0.632s] Level 1:colcon.colcon_core.package_identification:_identify(/home/vd/ros2ws/src) by extension 'colcon_meta'
[0.632s] Level 1:colcon.colcon_core.package_identification:_identify(/home/vd/ros2ws/src) by extensions ['ros']
[0.632s] Level 1:colcon.colcon_core.package_identification:_identify(/home/vd/ros2ws/src) by extension 'ros'
[0.632s] Level 1:colcon.colcon_core.package_identification:_identify(/home/vd/ros2ws/src) by extensions ['cmake', 'python']
[0.632s] Level 1:colcon.colcon_core.package_identification:_identify(/home/vd/ros2ws/src) by extension 'cmake'
[0.632s] Level 1:colcon.colcon_core.package_identification:_identify(/home/vd/ros2ws/src) by extension 'python'
[0.632s] Level 1:colcon.colcon_core.package_identification:_identify(/home/vd/ros2ws/src) by extensions ['python_setup_py']
[0.632s] Level 1:colcon.colcon_core.package_identification:_identify(/home/vd/ros2ws/src) by extension 'python_setup_py'
[0.632s] Level 1:colcon.colcon_core.package_identification:_identify(/home/vd/ros2ws/src/my_robot_controller) by extensions ['ignore', 'ignore_ament_install']
[0.633s] Level 1:colcon.colcon_core.package_identification:_identify(/home/vd/ros2ws/src/my_robot_controller) by extension 'ignore'
[0.633s] Level 1:colcon.colcon_core.package_identification:_identify(/home/vd/ros2ws/src/my_robot_controller) by extension 'ignore_ament_install'
[0.633s] Level 1:colcon.colcon_core.package_identification:_identify(/home/vd/ros2ws/src/my_robot_controller) by extensions ['colcon_pkg']
[0.633s] Level 1:colcon.colcon_core.package_identification:_identify(/home/vd/ros2ws/src/my_robot_controller) by extension 'colcon_pkg'
[0.633s] Level 1:colcon.colcon_core.package_identification:_identify(/home/vd/ros2ws/src/my_robot_controller) by extensions ['colcon_meta']
[0.633s] Level 1:colcon.colcon_core.package_identification:_identify(/home/vd/ros2ws/src/my_robot_controller) by extension 'colcon_meta'
[0.633s] Level 1:colcon.colcon_core.package_identification:_identify(/home/vd/ros2ws/src/my_robot_controller) by extensions ['ros']
[0.633s] Level 1:colcon.colcon_core.package_identification:_identify(/home/vd/ros2ws/src/my_robot_controller) by extension 'ros'
[0.636s] DEBUG:colcon.colcon_core.package_identification:Package '/home/vd/ros2ws/src/my_robot_controller' with type 'ros.ament_python' and name 'my_robot_controller'
[0.637s] Level 1:colcon.colcon_core.package_identification:_identify(/home/vd/ros2ws/src/py_pubsub) by extensions ['ignore', 'ignore_ament_install']
[0.637s] Level 1:colcon.colcon_core.package_identification:_identify(/home/vd/ros2ws/src/py_pubsub) by extension 'ignore'
[0.637s] Level 1:colcon.colcon_core.package_identification:_identify(/home/vd/ros2ws/src/py_pubsub) by extension 'ignore_ament_install'
[0.637s] Level 1:colcon.colcon_core.package_identification:_identify(/home/vd/ros2ws/src/py_pubsub) by extensions ['colcon_pkg']
[0.637s] Level 1:colcon.colcon_core.package_identification:_identify(/home/vd/ros2ws/src/py_pubsub) by extension 'colcon_pkg'
[0.637s] Level 1:colcon.colcon_core.package_identification:_identify(/home/vd/ros2ws/src/py_pubsub) by extensions ['colcon_meta']
[0.637s] Level 1:colcon.colcon_core.package_identification:_identify(/home/vd/ros2ws/src/py_pubsub) by extension 'colcon_meta'
[0.637s] Level 1:colcon.colcon_core.package_identification:_identify(/home/vd/ros2ws/src/py_pubsub) by extensions ['ros']
[0.637s] Level 1:colcon.colcon_core.package_identification:_identify(/home/vd/ros2ws/src/py_pubsub) by extension 'ros'
[0.638s] DEBUG:colcon.colcon_core.package_identification:Package '/home/vd/ros2ws/src/py_pubsub' with type 'ros.ament_python' and name 'py_pubsub'
[0.638s] Level 1:colcon.colcon_core.package_identification:_identify(/home/vd/ros2ws/src/tutorial_interfaces) by extensions ['ignore', 'ignore_ament_install']
[0.639s] Level 1:colcon.colcon_core.package_identification:_identify(/home/vd/ros2ws/src/tutorial_interfaces) by extension 'ignore'
[0.639s] Level 1:colcon.colcon_core.package_identification:_identify(/home/vd/ros2ws/src/tutorial_interfaces) by extension 'ignore_ament_install'
[0.639s] Level 1:colcon.colcon_core.package_identification:_identify(/home/vd/ros2ws/src/tutorial_interfaces) by extensions ['colcon_pkg']
[0.639s] Level 1:colcon.colcon_core.package_identification:_identify(/home/vd/ros2ws/src/tutorial_interfaces) by extension 'colcon_pkg'
[0.639s] Level 1:colcon.colcon_core.package_identification:_identify(/home/vd/ros2ws/src/tutorial_interfaces) by extensions ['colcon_meta']
[0.639s] Level 1:colcon.colcon_core.package_identification:_identify(/home/vd/ros2ws/src/tutorial_interfaces) by extension 'colcon_meta'
[0.639s] Level 1:colcon.colcon_core.package_identification:_identify(/home/vd/ros2ws/src/tutorial_interfaces) by extensions ['ros']
[0.639s] Level 1:colcon.colcon_core.package_identification:_identify(/home/vd/ros2ws/src/tutorial_interfaces) by extension 'ros'
[0.640s] DEBUG:colcon.colcon_core.package_identification:Package '/home/vd/ros2ws/src/tutorial_interfaces' with type 'ros.ament_cmake' and name 'tutorial_interfaces'
[0.640s] Level 1:colcon.colcon_core.package_discovery:discover_packages(recursive) using defaults
