[0.009s] Invoking command in '/home/vd/ros2ws/build/tutorial_interfaces': CMAKE_PREFIX_PATH=${CMAKE_PREFIX_PATH}:/home/vd/ros2ws/install/py_pubsub:/opt/ros/humble /usr/bin/cmake /home/vd/ros2ws/src/tutorial_interfaces -DCMAKE_INSTALL_PREFIX=/home/vd/ros2ws/install/tutorial_interfaces
[0.022s] -- Found ament_cmake: 1.3.10 (/opt/ros/humble/share/ament_cmake/cmake)
[0.114s] -- Override CMake install command with custom implementation using symlinks instead of copying resources
[0.122s] -- Found geometry_msgs: 4.2.4 (/opt/ros/humble/share/geometry_msgs/cmake)
[0.148s] -- Found rosidl_generator_c: 3.1.5 (/opt/ros/humble/share/rosidl_generator_c/cmake)
[0.152s] -- Found rosidl_adapter: 3.1.5 (/opt/ros/humble/share/rosidl_adapter/cmake)
[0.158s] -- Found rosidl_generator_cpp: 3.1.5 (/opt/ros/humble/share/rosidl_generator_cpp/cmake)
[0.170s] -- Using all available rosidl_typesupport_c: rosidl_typesupport_fastrtps_c;rosidl_typesupport_introspection_c
[0.184s] -- Using all available rosidl_typesupport_cpp: rosidl_typesupport_fastrtps_cpp;rosidl_typesupport_introspection_cpp
[0.213s] -- Found rosidl_default_generators: 1.2.0 (/opt/ros/humble/share/rosidl_default_generators/cmake)
[0.217s] -- Found ament_lint_auto: 0.12.11 (/opt/ros/humble/share/ament_lint_auto/cmake)
[0.449s] -- Found ament_cmake_ros: 0.10.0 (/opt/ros/humble/share/ament_cmake_ros/cmake)
[0.762s] -- Using all available rosidl_typesupport_c: rosidl_typesupport_fastrtps_c;rosidl_typesupport_introspection_c
[0.883s] -- Using all available rosidl_typesupport_cpp: rosidl_typesupport_fastrtps_cpp;rosidl_typesupport_introspection_cpp
[0.899s] -- Found python_cmake_module: 0.10.0 (/opt/ros/humble/share/python_cmake_module/cmake)
[0.916s] -- Using PYTHON_EXECUTABLE: /usr/bin/python3
[0.916s] -- Using PYTHON_INCLUDE_DIRS: /usr/include/python3.10
[0.916s] -- Using PYTHON_LIBRARIES: /usr/lib/x86_64-linux-gnu/libpython3.10.so
[0.943s] -- Found rclcpp: 16.0.10 (/opt/ros/humble/share/rclcpp/cmake)
[0.960s] -- Found rmw_implementation_cmake: 6.1.2 (/opt/ros/humble/share/rmw_implementation_cmake/cmake)
[0.961s] -- Found rmw_fastrtps_cpp: 6.2.7 (/opt/ros/humble/share/rmw_fastrtps_cpp/cmake)
[1.027s] -- Using RMW implementation 'rmw_fastrtps_cpp' as default
[1.055s] -- Found tutorial_interfaces: 0.0.0 (/home/vd/ros2ws/install/tutorial_interfaces/share/tutorial_interfaces/cmake)
[1.063s] [31mCMake Error at /opt/ros/humble/share/ament_cmake_target_dependencies/cmake/ament_target_dependencies.cmake:42 (message):
[1.063s]   ament_target_dependencies() the first argument must be a valid target name
[1.063s] Call Stack (most recent call first):
[1.063s]   CMakeLists.txt:45 (ament_target_dependencies)
[1.063s] 
[1.063s] [0m
[1.063s] -- Configuring incomplete, errors occurred!
[1.063s] See also "/home/vd/ros2ws/build/tutorial_interfaces/CMakeFiles/CMakeOutput.log".
