[0.008s] Invoking command in '/home/vd/ros2ws/build/tutorial_interfaces': CMAKE_PREFIX_PATH=/home/vd/ros2ws/install/py_pubsub:/opt/ros/humble /usr/bin/cmake /home/vd/ros2ws/src/tutorial_interfaces -DCMAKE_INSTALL_PREFIX=/home/vd/ros2ws/install/tutorial_interfaces
[0.172s] -- The C compiler identification is GNU 11.4.0
[0.284s] -- The CXX compiler identification is GNU 11.4.0
[0.294s] -- Detecting C compiler ABI info
[0.355s] -- Detecting C compiler ABI info - done
[0.360s] -- Check for working C compiler: /usr/lib/ccache/cc - skipped
[0.361s] -- Detecting C compile features
[0.361s] -- Detecting C compile features - done
[0.364s] -- Detecting CXX compiler ABI info
[0.430s] -- Detecting CXX compiler ABI info - done
[0.436s] -- Check for working CXX compiler: /usr/lib/ccache/c++ - skipped
[0.436s] -- Detecting CXX compile features
[0.436s] -- Detecting CXX compile features - done
[0.443s] -- Found ament_cmake: 1.3.10 (/opt/ros/humble/share/ament_cmake/cmake)
[0.552s] -- Found Python3: /usr/bin/python3 (found version "3.10.12") found components: Interpreter 
[0.624s] -- Found geometry_msgs: 4.2.4 (/opt/ros/humble/share/geometry_msgs/cmake)
[0.658s] -- Found rosidl_generator_c: 3.1.5 (/opt/ros/humble/share/rosidl_generator_c/cmake)
[0.663s] -- Found rosidl_adapter: 3.1.5 (/opt/ros/humble/share/rosidl_adapter/cmake)
[0.671s] -- Found rosidl_generator_cpp: 3.1.5 (/opt/ros/humble/share/rosidl_generator_cpp/cmake)
[0.684s] -- Using all available rosidl_typesupport_c: rosidl_typesupport_fastrtps_c;rosidl_typesupport_introspection_c
[0.698s] -- Using all available rosidl_typesupport_cpp: rosidl_typesupport_fastrtps_cpp;rosidl_typesupport_introspection_cpp
[0.732s] -- Found rosidl_default_generators: 1.2.0 (/opt/ros/humble/share/rosidl_default_generators/cmake)
[0.740s] -- Found ament_lint_auto: 0.12.11 (/opt/ros/humble/share/ament_lint_auto/cmake)
[0.957s] -- Found ament_cmake_ros: 0.10.0 (/opt/ros/humble/share/ament_cmake_ros/cmake)
[1.245s] -- Using all available rosidl_typesupport_c: rosidl_typesupport_fastrtps_c;rosidl_typesupport_introspection_c
[1.357s] -- Using all available rosidl_typesupport_cpp: rosidl_typesupport_fastrtps_cpp;rosidl_typesupport_introspection_cpp
[1.374s] -- Found PythonInterp: /usr/bin/python3 (found suitable version "3.10.12", minimum required is "3.6") 
[1.375s] -- Found python_cmake_module: 0.10.0 (/opt/ros/humble/share/python_cmake_module/cmake)
[1.396s] -- Found PythonLibs: /usr/lib/x86_64-linux-gnu/libpython3.10.so (found suitable version "3.10.12", minimum required is "3.5") 
[1.396s] -- Using PYTHON_EXECUTABLE: /usr/bin/python3
[1.396s] -- Using PYTHON_INCLUDE_DIRS: /usr/include/python3.10
[1.396s] -- Using PYTHON_LIBRARIES: /usr/lib/x86_64-linux-gnu/libpython3.10.so
[1.411s] -- Found PythonExtra: .so  
[1.455s] -- Added test 'lint_cmake' to check CMake code style
[1.456s] -- Added test 'xmllint' to check XML markup files
[1.461s] -- Configuring done
[1.485s] -- Generating done
[1.493s] -- Build files have been written to: /home/vd/ros2ws/build/tutorial_interfaces
[1.500s] Invoked command in '/home/vd/ros2ws/build/tutorial_interfaces' returned '0': CMAKE_PREFIX_PATH=/home/vd/ros2ws/install/py_pubsub:/opt/ros/humble /usr/bin/cmake /home/vd/ros2ws/src/tutorial_interfaces -DCMAKE_INSTALL_PREFIX=/home/vd/ros2ws/install/tutorial_interfaces
[1.501s] Invoking command in '/home/vd/ros2ws/build/tutorial_interfaces': CMAKE_PREFIX_PATH=/home/vd/ros2ws/install/py_pubsub:/opt/ros/humble /usr/bin/cmake --build /home/vd/ros2ws/build/tutorial_interfaces -- -j4 -l4
[1.530s] [  2%] [34m[1mGenerating C code for ROS interfaces[0m
[1.538s] [  4%] [34m[1mGenerating C++ code for ROS interfaces[0m
[1.544s] [  4%] Built target ament_cmake_python_copy_tutorial_interfaces
[1.851s] running egg_info
[1.852s] creating tutorial_interfaces.egg-info
[1.852s] writing tutorial_interfaces.egg-info/PKG-INFO
[1.852s] writing dependency_links to tutorial_interfaces.egg-info/dependency_links.txt
[1.853s] writing top-level names to tutorial_interfaces.egg-info/top_level.txt
[1.854s] writing manifest file 'tutorial_interfaces.egg-info/SOURCES.txt'
[1.855s] [  8%] [32mBuilding C object CMakeFiles/tutorial_interfaces__rosidl_generator_c.dir/rosidl_generator_c/tutorial_interfaces/msg/detail/sphere__functions.c.o[0m
[1.855s] [  8%] [32mBuilding C object CMakeFiles/tutorial_interfaces__rosidl_generator_c.dir/rosidl_generator_c/tutorial_interfaces/msg/detail/num__functions.c.o[0m
[1.857s] reading manifest file 'tutorial_interfaces.egg-info/SOURCES.txt'
[1.858s] writing manifest file 'tutorial_interfaces.egg-info/SOURCES.txt'
[1.887s] [  8%] Built target ament_cmake_python_build_tutorial_interfaces_egg
[1.895s] [ 10%] [32mBuilding C object CMakeFiles/tutorial_interfaces__rosidl_generator_c.dir/rosidl_generator_c/tutorial_interfaces/srv/detail/add_three_ints__functions.c.o[0m
[1.973s] [ 12%] [32m[1mLinking C shared library libtutorial_interfaces__rosidl_generator_c.so[0m
[1.984s] [ 12%] Built target tutorial_interfaces__cpp
[1.994s] [ 19%] [34m[1mGenerating C++ introspection for ROS interfaces[0m
[1.994s] [ 19%] [34m[1mGenerating C++ type support dispatch for ROS interfaces[0m
[1.994s] [ 19%] [34m[1mGenerating C++ type support for eProsima Fast-RTPS[0m
[2.014s] [ 19%] Built target tutorial_interfaces__rosidl_generator_c
[2.025s] [ 21%] [34m[1mGenerating C type support for eProsima Fast-RTPS[0m
[2.352s] [ 23%] [32mBuilding CXX object CMakeFiles/tutorial_interfaces__rosidl_typesupport_cpp.dir/rosidl_typesupport_cpp/tutorial_interfaces/msg/num__type_support.cpp.o[0m
[2.425s] [ 25%] [32mBuilding CXX object CMakeFiles/tutorial_interfaces__rosidl_typesupport_introspection_cpp.dir/rosidl_typesupport_introspection_cpp/tutorial_interfaces/msg/detail/num__type_support.cpp.o[0m
[2.446s] [ 27%] [32mBuilding CXX object CMakeFiles/tutorial_interfaces__rosidl_typesupport_fastrtps_cpp.dir/rosidl_typesupport_fastrtps_cpp/tutorial_interfaces/msg/detail/dds_fastrtps/num__type_support.cpp.o[0m
[2.466s] [ 29%] [32mBuilding CXX object CMakeFiles/tutorial_interfaces__rosidl_typesupport_fastrtps_c.dir/rosidl_typesupport_fastrtps_c/tutorial_interfaces/msg/detail/num__type_support_c.cpp.o[0m
[2.754s] [ 31%] [32mBuilding CXX object CMakeFiles/tutorial_interfaces__rosidl_typesupport_cpp.dir/rosidl_typesupport_cpp/tutorial_interfaces/msg/sphere__type_support.cpp.o[0m
[2.914s] [ 34%] [32mBuilding CXX object CMakeFiles/tutorial_interfaces__rosidl_typesupport_fastrtps_c.dir/rosidl_typesupport_fastrtps_c/tutorial_interfaces/msg/detail/sphere__type_support_c.cpp.o[0m
[2.956s] [ 36%] [32mBuilding CXX object CMakeFiles/tutorial_interfaces__rosidl_typesupport_introspection_cpp.dir/rosidl_typesupport_introspection_cpp/tutorial_interfaces/msg/detail/sphere__type_support.cpp.o[0m
[2.974s] [ 38%] [32mBuilding CXX object CMakeFiles/tutorial_interfaces__rosidl_typesupport_fastrtps_cpp.dir/rosidl_typesupport_fastrtps_cpp/tutorial_interfaces/msg/detail/dds_fastrtps/sphere__type_support.cpp.o[0m
[3.114s] [ 40%] [32mBuilding CXX object CMakeFiles/tutorial_interfaces__rosidl_typesupport_cpp.dir/rosidl_typesupport_cpp/tutorial_interfaces/srv/add_three_ints__type_support.cpp.o[0m
[3.363s] [ 42%] [32mBuilding CXX object CMakeFiles/tutorial_interfaces__rosidl_typesupport_fastrtps_c.dir/rosidl_typesupport_fastrtps_c/tutorial_interfaces/srv/detail/add_three_ints__type_support_c.cpp.o[0m
[3.481s] [ 44%] [32mBuilding CXX object CMakeFiles/tutorial_interfaces__rosidl_typesupport_introspection_cpp.dir/rosidl_typesupport_introspection_cpp/tutorial_interfaces/srv/detail/add_three_ints__type_support.cpp.o[0m
[3.491s] [ 46%] [32m[1mLinking CXX shared library libtutorial_interfaces__rosidl_typesupport_cpp.so[0m
[3.500s] [ 48%] [32mBuilding CXX object CMakeFiles/tutorial_interfaces__rosidl_typesupport_fastrtps_cpp.dir/rosidl_typesupport_fastrtps_cpp/tutorial_interfaces/srv/detail/dds_fastrtps/add_three_ints__type_support.cpp.o[0m
[3.540s] [ 48%] Built target tutorial_interfaces__rosidl_typesupport_cpp
[3.551s] [ 51%] [34m[1mGenerating C introspection for ROS interfaces[0m
[3.859s] [ 53%] [32m[1mLinking CXX shared library libtutorial_interfaces__rosidl_typesupport_fastrtps_c.so[0m
[3.972s] [ 53%] Built target tutorial_interfaces__rosidl_typesupport_fastrtps_c
[3.981s] [ 55%] [34m[1mGenerating C type support dispatch for ROS interfaces[0m
[4.002s] [ 57%] [32mBuilding C object CMakeFiles/tutorial_interfaces__rosidl_typesupport_introspection_c.dir/rosidl_typesupport_introspection_c/tutorial_interfaces/msg/detail/num__type_support.c.o[0m
[4.016s] [ 59%] [32m[1mLinking CXX shared library libtutorial_interfaces__rosidl_typesupport_introspection_cpp.so[0m
[4.060s] [ 61%] [32mBuilding C object CMakeFiles/tutorial_interfaces__rosidl_typesupport_introspection_c.dir/rosidl_typesupport_introspection_c/tutorial_interfaces/msg/detail/sphere__type_support.c.o[0m
[4.074s] [ 63%] [32m[1mLinking CXX shared library libtutorial_interfaces__rosidl_typesupport_fastrtps_cpp.so[0m
[4.098s] [ 63%] Built target tutorial_interfaces__rosidl_typesupport_introspection_cpp
[4.107s] [ 65%] [32mBuilding C object CMakeFiles/tutorial_interfaces__rosidl_typesupport_introspection_c.dir/rosidl_typesupport_introspection_c/tutorial_interfaces/srv/detail/add_three_ints__type_support.c.o[0m
[4.148s] [ 68%] [32m[1mLinking C shared library libtutorial_interfaces__rosidl_typesupport_introspection_c.so[0m
[4.174s] [ 68%] Built target tutorial_interfaces__rosidl_typesupport_fastrtps_cpp
[4.178s] [ 68%] Built target tutorial_interfaces__rosidl_typesupport_introspection_c
[4.247s] [ 70%] [32mBuilding CXX object CMakeFiles/tutorial_interfaces__rosidl_typesupport_c.dir/rosidl_typesupport_c/tutorial_interfaces/msg/sphere__type_support.cpp.o[0m
[4.247s] [ 74%] [32mBuilding CXX object CMakeFiles/tutorial_interfaces__rosidl_typesupport_c.dir/rosidl_typesupport_c/tutorial_interfaces/msg/num__type_support.cpp.o[0m
[4.247s] [ 74%] [32mBuilding CXX object CMakeFiles/tutorial_interfaces__rosidl_typesupport_c.dir/rosidl_typesupport_c/tutorial_interfaces/srv/add_three_ints__type_support.cpp.o[0m
[4.289s] [ 76%] [32m[1mLinking CXX shared library libtutorial_interfaces__rosidl_typesupport_c.so[0m
[4.320s] [ 76%] Built target tutorial_interfaces__rosidl_typesupport_c
[4.334s] [ 76%] Built target tutorial_interfaces
[4.348s] [ 78%] [34m[1mGenerating Python code for ROS interfaces[0m
[4.712s] [ 78%] Built target tutorial_interfaces__py
[4.727s] [ 80%] [32mBuilding C object CMakeFiles/tutorial_interfaces__rosidl_generator_py.dir/rosidl_generator_py/tutorial_interfaces/srv/_add_three_ints_s.c.o[0m
[4.727s] [ 82%] [32mBuilding C object CMakeFiles/tutorial_interfaces__rosidl_generator_py.dir/rosidl_generator_py/tutorial_interfaces/msg/_sphere_s.c.o[0m
[4.728s] [ 85%] [32mBuilding C object CMakeFiles/tutorial_interfaces__rosidl_generator_py.dir/rosidl_generator_py/tutorial_interfaces/msg/_num_s.c.o[0m
[4.911s] [ 87%] [32m[1mLinking C shared library rosidl_generator_py/tutorial_interfaces/libtutorial_interfaces__rosidl_generator_py.so[0m
[4.942s] [ 87%] Built target tutorial_interfaces__rosidl_generator_py
[4.957s] [ 89%] [32mBuilding C object CMakeFiles/tutorial_interfaces__rosidl_typesupport_introspection_c__pyext.dir/rosidl_generator_py/tutorial_interfaces/_tutorial_interfaces_s.ep.rosidl_typesupport_introspection_c.c.o[0m
[4.959s] [ 93%] [32mBuilding C object CMakeFiles/tutorial_interfaces__rosidl_typesupport_fastrtps_c__pyext.dir/rosidl_generator_py/tutorial_interfaces/_tutorial_interfaces_s.ep.rosidl_typesupport_fastrtps_c.c.o[0m
[4.960s] [ 93%] [32mBuilding C object CMakeFiles/tutorial_interfaces__rosidl_typesupport_c__pyext.dir/rosidl_generator_py/tutorial_interfaces/_tutorial_interfaces_s.ep.rosidl_typesupport_c.c.o[0m
[5.088s] [ 95%] [32m[1mLinking C shared library rosidl_generator_py/tutorial_interfaces/tutorial_interfaces_s__rosidl_typesupport_c.cpython-310-x86_64-linux-gnu.so[0m
[5.117s] [ 95%] Built target tutorial_interfaces__rosidl_typesupport_c__pyext
[5.150s] [ 97%] [32m[1mLinking C shared library rosidl_generator_py/tutorial_interfaces/tutorial_interfaces_s__rosidl_typesupport_introspection_c.cpython-310-x86_64-linux-gnu.so[0m
[5.153s] [100%] [32m[1mLinking C shared library rosidl_generator_py/tutorial_interfaces/tutorial_interfaces_s__rosidl_typesupport_fastrtps_c.cpython-310-x86_64-linux-gnu.so[0m
[5.179s] [100%] Built target tutorial_interfaces__rosidl_typesupport_introspection_c__pyext
[5.181s] [100%] Built target tutorial_interfaces__rosidl_typesupport_fastrtps_c__pyext
[5.189s] Invoked command in '/home/vd/ros2ws/build/tutorial_interfaces' returned '0': CMAKE_PREFIX_PATH=/home/vd/ros2ws/install/py_pubsub:/opt/ros/humble /usr/bin/cmake --build /home/vd/ros2ws/build/tutorial_interfaces -- -j4 -l4
[5.196s] Invoking command in '/home/vd/ros2ws/build/tutorial_interfaces': CMAKE_PREFIX_PATH=/home/vd/ros2ws/install/py_pubsub:/opt/ros/humble /usr/bin/cmake --install /home/vd/ros2ws/build/tutorial_interfaces
[5.201s] -- Install configuration: ""
[5.201s] -- Installing: /home/vd/ros2ws/install/tutorial_interfaces/share/ament_index/resource_index/rosidl_interfaces/tutorial_interfaces
[5.202s] -- Installing: /home/vd/ros2ws/install/tutorial_interfaces/include/tutorial_interfaces/tutorial_interfaces
[5.202s] -- Installing: /home/vd/ros2ws/install/tutorial_interfaces/include/tutorial_interfaces/tutorial_interfaces/msg
[5.202s] -- Installing: /home/vd/ros2ws/install/tutorial_interfaces/include/tutorial_interfaces/tutorial_interfaces/msg/rosidl_generator_c__visibility_control.h
[5.202s] -- Installing: /home/vd/ros2ws/install/tutorial_interfaces/include/tutorial_interfaces/tutorial_interfaces/msg/num.h
[5.202s] -- Installing: /home/vd/ros2ws/install/tutorial_interfaces/include/tutorial_interfaces/tutorial_interfaces/msg/detail
[5.202s] -- Installing: /home/vd/ros2ws/install/tutorial_interfaces/include/tutorial_interfaces/tutorial_interfaces/msg/detail/num__type_support.h
[5.202s] -- Installing: /home/vd/ros2ws/install/tutorial_interfaces/include/tutorial_interfaces/tutorial_interfaces/msg/detail/num__functions.c
[5.202s] -- Installing: /home/vd/ros2ws/install/tutorial_interfaces/include/tutorial_interfaces/tutorial_interfaces/msg/detail/sphere__functions.h
[5.202s] -- Installing: /home/vd/ros2ws/install/tutorial_interfaces/include/tutorial_interfaces/tutorial_interfaces/msg/detail/sphere__struct.h
[5.202s] -- Installing: /home/vd/ros2ws/install/tutorial_interfaces/include/tutorial_interfaces/tutorial_interfaces/msg/detail/num__functions.h
[5.202s] -- Installing: /home/vd/ros2ws/install/tutorial_interfaces/include/tutorial_interfaces/tutorial_interfaces/msg/detail/sphere__functions.c
[5.202s] -- Installing: /home/vd/ros2ws/install/tutorial_interfaces/include/tutorial_interfaces/tutorial_interfaces/msg/detail/num__struct.h
[5.202s] -- Installing: /home/vd/ros2ws/install/tutorial_interfaces/include/tutorial_interfaces/tutorial_interfaces/msg/detail/sphere__type_support.h
[5.202s] -- Installing: /home/vd/ros2ws/install/tutorial_interfaces/include/tutorial_interfaces/tutorial_interfaces/msg/sphere.h
[5.202s] -- Installing: /home/vd/ros2ws/install/tutorial_interfaces/include/tutorial_interfaces/tutorial_interfaces/srv
[5.203s] -- Installing: /home/vd/ros2ws/install/tutorial_interfaces/include/tutorial_interfaces/tutorial_interfaces/srv/add_three_ints.h
[5.203s] -- Installing: /home/vd/ros2ws/install/tutorial_interfaces/include/tutorial_interfaces/tutorial_interfaces/srv/detail
[5.203s] -- Installing: /home/vd/ros2ws/install/tutorial_interfaces/include/tutorial_interfaces/tutorial_interfaces/srv/detail/add_three_ints__functions.c
[5.203s] -- Installing: /home/vd/ros2ws/install/tutorial_interfaces/include/tutorial_interfaces/tutorial_interfaces/srv/detail/add_three_ints__type_support.h
[5.203s] -- Installing: /home/vd/ros2ws/install/tutorial_interfaces/include/tutorial_interfaces/tutorial_interfaces/srv/detail/add_three_ints__struct.h
[5.203s] -- Installing: /home/vd/ros2ws/install/tutorial_interfaces/include/tutorial_interfaces/tutorial_interfaces/srv/detail/add_three_ints__functions.h
[5.203s] -- Installing: /home/vd/ros2ws/install/tutorial_interfaces/share/tutorial_interfaces/environment/library_path.sh
[5.203s] -- Installing: /home/vd/ros2ws/install/tutorial_interfaces/share/tutorial_interfaces/environment/library_path.dsv
[5.203s] -- Installing: /home/vd/ros2ws/install/tutorial_interfaces/lib/libtutorial_interfaces__rosidl_generator_c.so
[5.203s] -- Set runtime path of "/home/vd/ros2ws/install/tutorial_interfaces/lib/libtutorial_interfaces__rosidl_generator_c.so" to ""
[5.203s] -- Up-to-date: /home/vd/ros2ws/install/tutorial_interfaces/include/tutorial_interfaces/tutorial_interfaces
[5.203s] -- Up-to-date: /home/vd/ros2ws/install/tutorial_interfaces/include/tutorial_interfaces/tutorial_interfaces/msg
[5.203s] -- Installing: /home/vd/ros2ws/install/tutorial_interfaces/include/tutorial_interfaces/tutorial_interfaces/msg/rosidl_typesupport_fastrtps_c__visibility_control.h
[5.203s] -- Up-to-date: /home/vd/ros2ws/install/tutorial_interfaces/include/tutorial_interfaces/tutorial_interfaces/msg/detail
[5.203s] -- Installing: /home/vd/ros2ws/install/tutorial_interfaces/include/tutorial_interfaces/tutorial_interfaces/msg/detail/num__rosidl_typesupport_fastrtps_c.h
[5.204s] -- Installing: /home/vd/ros2ws/install/tutorial_interfaces/include/tutorial_interfaces/tutorial_interfaces/msg/detail/sphere__rosidl_typesupport_fastrtps_c.h
[5.204s] -- Up-to-date: /home/vd/ros2ws/install/tutorial_interfaces/include/tutorial_interfaces/tutorial_interfaces/srv
[5.204s] -- Up-to-date: /home/vd/ros2ws/install/tutorial_interfaces/include/tutorial_interfaces/tutorial_interfaces/srv/detail
[5.204s] -- Installing: /home/vd/ros2ws/install/tutorial_interfaces/include/tutorial_interfaces/tutorial_interfaces/srv/detail/add_three_ints__rosidl_typesupport_fastrtps_c.h
[5.204s] -- Installing: /home/vd/ros2ws/install/tutorial_interfaces/lib/libtutorial_interfaces__rosidl_typesupport_fastrtps_c.so
[5.204s] -- Set runtime path of "/home/vd/ros2ws/install/tutorial_interfaces/lib/libtutorial_interfaces__rosidl_typesupport_fastrtps_c.so" to ""
[5.204s] -- Up-to-date: /home/vd/ros2ws/install/tutorial_interfaces/include/tutorial_interfaces/tutorial_interfaces
[5.204s] -- Up-to-date: /home/vd/ros2ws/install/tutorial_interfaces/include/tutorial_interfaces/tutorial_interfaces/msg
[5.204s] -- Up-to-date: /home/vd/ros2ws/install/tutorial_interfaces/include/tutorial_interfaces/tutorial_interfaces/msg/detail
[5.204s] -- Installing: /home/vd/ros2ws/install/tutorial_interfaces/include/tutorial_interfaces/tutorial_interfaces/msg/detail/sphere__traits.hpp
[5.204s] -- Installing: /home/vd/ros2ws/install/tutorial_interfaces/include/tutorial_interfaces/tutorial_interfaces/msg/detail/sphere__struct.hpp
[5.204s] -- Installing: /home/vd/ros2ws/install/tutorial_interfaces/include/tutorial_interfaces/tutorial_interfaces/msg/detail/sphere__builder.hpp
[5.204s] -- Installing: /home/vd/ros2ws/install/tutorial_interfaces/include/tutorial_interfaces/tutorial_interfaces/msg/detail/num__builder.hpp
[5.204s] -- Installing: /home/vd/ros2ws/install/tutorial_interfaces/include/tutorial_interfaces/tutorial_interfaces/msg/detail/num__traits.hpp
[5.204s] -- Installing: /home/vd/ros2ws/install/tutorial_interfaces/include/tutorial_interfaces/tutorial_interfaces/msg/detail/num__struct.hpp
[5.204s] -- Installing: /home/vd/ros2ws/install/tutorial_interfaces/include/tutorial_interfaces/tutorial_interfaces/msg/num.hpp
[5.204s] -- Installing: /home/vd/ros2ws/install/tutorial_interfaces/include/tutorial_interfaces/tutorial_interfaces/msg/sphere.hpp
[5.205s] -- Up-to-date: /home/vd/ros2ws/install/tutorial_interfaces/include/tutorial_interfaces/tutorial_interfaces/srv
[5.205s] -- Up-to-date: /home/vd/ros2ws/install/tutorial_interfaces/include/tutorial_interfaces/tutorial_interfaces/srv/detail
[5.205s] -- Installing: /home/vd/ros2ws/install/tutorial_interfaces/include/tutorial_interfaces/tutorial_interfaces/srv/detail/add_three_ints__builder.hpp
[5.205s] -- Installing: /home/vd/ros2ws/install/tutorial_interfaces/include/tutorial_interfaces/tutorial_interfaces/srv/detail/add_three_ints__traits.hpp
[5.205s] -- Installing: /home/vd/ros2ws/install/tutorial_interfaces/include/tutorial_interfaces/tutorial_interfaces/srv/detail/add_three_ints__struct.hpp
[5.205s] -- Installing: /home/vd/ros2ws/install/tutorial_interfaces/include/tutorial_interfaces/tutorial_interfaces/srv/add_three_ints.hpp
[5.205s] -- Up-to-date: /home/vd/ros2ws/install/tutorial_interfaces/include/tutorial_interfaces/tutorial_interfaces
[5.205s] -- Up-to-date: /home/vd/ros2ws/install/tutorial_interfaces/include/tutorial_interfaces/tutorial_interfaces/msg
[5.205s] -- Installing: /home/vd/ros2ws/install/tutorial_interfaces/include/tutorial_interfaces/tutorial_interfaces/msg/rosidl_typesupport_fastrtps_cpp__visibility_control.h
[5.205s] -- Up-to-date: /home/vd/ros2ws/install/tutorial_interfaces/include/tutorial_interfaces/tutorial_interfaces/msg/detail
[5.205s] -- Installing: /home/vd/ros2ws/install/tutorial_interfaces/include/tutorial_interfaces/tutorial_interfaces/msg/detail/sphere__rosidl_typesupport_fastrtps_cpp.hpp
[5.205s] -- Installing: /home/vd/ros2ws/install/tutorial_interfaces/include/tutorial_interfaces/tutorial_interfaces/msg/detail/num__rosidl_typesupport_fastrtps_cpp.hpp
[5.205s] -- Installing: /home/vd/ros2ws/install/tutorial_interfaces/include/tutorial_interfaces/tutorial_interfaces/msg/detail/dds_fastrtps
[5.205s] -- Up-to-date: /home/vd/ros2ws/install/tutorial_interfaces/include/tutorial_interfaces/tutorial_interfaces/srv
[5.205s] -- Up-to-date: /home/vd/ros2ws/install/tutorial_interfaces/include/tutorial_interfaces/tutorial_interfaces/srv/detail
[5.205s] -- Installing: /home/vd/ros2ws/install/tutorial_interfaces/include/tutorial_interfaces/tutorial_interfaces/srv/detail/dds_fastrtps
[5.205s] -- Installing: /home/vd/ros2ws/install/tutorial_interfaces/include/tutorial_interfaces/tutorial_interfaces/srv/detail/add_three_ints__rosidl_typesupport_fastrtps_cpp.hpp
[5.205s] -- Installing: /home/vd/ros2ws/install/tutorial_interfaces/lib/libtutorial_interfaces__rosidl_typesupport_fastrtps_cpp.so
[5.205s] -- Set runtime path of "/home/vd/ros2ws/install/tutorial_interfaces/lib/libtutorial_interfaces__rosidl_typesupport_fastrtps_cpp.so" to ""
[5.205s] -- Up-to-date: /home/vd/ros2ws/install/tutorial_interfaces/include/tutorial_interfaces/tutorial_interfaces
[5.206s] -- Up-to-date: /home/vd/ros2ws/install/tutorial_interfaces/include/tutorial_interfaces/tutorial_interfaces/msg
[5.206s] -- Installing: /home/vd/ros2ws/install/tutorial_interfaces/include/tutorial_interfaces/tutorial_interfaces/msg/rosidl_typesupport_introspection_c__visibility_control.h
[5.206s] -- Up-to-date: /home/vd/ros2ws/install/tutorial_interfaces/include/tutorial_interfaces/tutorial_interfaces/msg/detail
[5.206s] -- Installing: /home/vd/ros2ws/install/tutorial_interfaces/include/tutorial_interfaces/tutorial_interfaces/msg/detail/num__type_support.c
[5.206s] -- Installing: /home/vd/ros2ws/install/tutorial_interfaces/include/tutorial_interfaces/tutorial_interfaces/msg/detail/sphere__type_support.c
[5.206s] -- Installing: /home/vd/ros2ws/install/tutorial_interfaces/include/tutorial_interfaces/tutorial_interfaces/msg/detail/num__rosidl_typesupport_introspection_c.h
[5.206s] -- Installing: /home/vd/ros2ws/install/tutorial_interfaces/include/tutorial_interfaces/tutorial_interfaces/msg/detail/sphere__rosidl_typesupport_introspection_c.h
[5.206s] -- Up-to-date: /home/vd/ros2ws/install/tutorial_interfaces/include/tutorial_interfaces/tutorial_interfaces/srv
[5.206s] -- Up-to-date: /home/vd/ros2ws/install/tutorial_interfaces/include/tutorial_interfaces/tutorial_interfaces/srv/detail
[5.206s] -- Installing: /home/vd/ros2ws/install/tutorial_interfaces/include/tutorial_interfaces/tutorial_interfaces/srv/detail/add_three_ints__type_support.c
[5.206s] -- Installing: /home/vd/ros2ws/install/tutorial_interfaces/include/tutorial_interfaces/tutorial_interfaces/srv/detail/add_three_ints__rosidl_typesupport_introspection_c.h
[5.206s] -- Installing: /home/vd/ros2ws/install/tutorial_interfaces/lib/libtutorial_interfaces__rosidl_typesupport_introspection_c.so
[5.206s] -- Set runtime path of "/home/vd/ros2ws/install/tutorial_interfaces/lib/libtutorial_interfaces__rosidl_typesupport_introspection_c.so" to ""
[5.206s] -- Installing: /home/vd/ros2ws/install/tutorial_interfaces/lib/libtutorial_interfaces__rosidl_typesupport_c.so
[5.206s] -- Set runtime path of "/home/vd/ros2ws/install/tutorial_interfaces/lib/libtutorial_interfaces__rosidl_typesupport_c.so" to ""
[5.206s] -- Up-to-date: /home/vd/ros2ws/install/tutorial_interfaces/include/tutorial_interfaces/tutorial_interfaces
[5.206s] -- Up-to-date: /home/vd/ros2ws/install/tutorial_interfaces/include/tutorial_interfaces/tutorial_interfaces/msg
[5.206s] -- Up-to-date: /home/vd/ros2ws/install/tutorial_interfaces/include/tutorial_interfaces/tutorial_interfaces/msg/detail
[5.206s] -- Installing: /home/vd/ros2ws/install/tutorial_interfaces/include/tutorial_interfaces/tutorial_interfaces/msg/detail/num__type_support.cpp
[5.206s] -- Installing: /home/vd/ros2ws/install/tutorial_interfaces/include/tutorial_interfaces/tutorial_interfaces/msg/detail/num__rosidl_typesupport_introspection_cpp.hpp
[5.207s] -- Installing: /home/vd/ros2ws/install/tutorial_interfaces/include/tutorial_interfaces/tutorial_interfaces/msg/detail/sphere__rosidl_typesupport_introspection_cpp.hpp
[5.207s] -- Installing: /home/vd/ros2ws/install/tutorial_interfaces/include/tutorial_interfaces/tutorial_interfaces/msg/detail/sphere__type_support.cpp
[5.207s] -- Up-to-date: /home/vd/ros2ws/install/tutorial_interfaces/include/tutorial_interfaces/tutorial_interfaces/srv
[5.207s] -- Up-to-date: /home/vd/ros2ws/install/tutorial_interfaces/include/tutorial_interfaces/tutorial_interfaces/srv/detail
[5.207s] -- Installing: /home/vd/ros2ws/install/tutorial_interfaces/include/tutorial_interfaces/tutorial_interfaces/srv/detail/add_three_ints__rosidl_typesupport_introspection_cpp.hpp
[5.207s] -- Installing: /home/vd/ros2ws/install/tutorial_interfaces/include/tutorial_interfaces/tutorial_interfaces/srv/detail/add_three_ints__type_support.cpp
[5.207s] -- Installing: /home/vd/ros2ws/install/tutorial_interfaces/lib/libtutorial_interfaces__rosidl_typesupport_introspection_cpp.so
[5.207s] -- Set runtime path of "/home/vd/ros2ws/install/tutorial_interfaces/lib/libtutorial_interfaces__rosidl_typesupport_introspection_cpp.so" to ""
[5.207s] -- Installing: /home/vd/ros2ws/install/tutorial_interfaces/lib/libtutorial_interfaces__rosidl_typesupport_cpp.so
[5.207s] -- Set runtime path of "/home/vd/ros2ws/install/tutorial_interfaces/lib/libtutorial_interfaces__rosidl_typesupport_cpp.so" to ""
[5.207s] -- Installing: /home/vd/ros2ws/install/tutorial_interfaces/share/tutorial_interfaces/environment/pythonpath.sh
[5.207s] -- Installing: /home/vd/ros2ws/install/tutorial_interfaces/share/tutorial_interfaces/environment/pythonpath.dsv
[5.207s] -- Installing: /home/vd/ros2ws/install/tutorial_interfaces/local/lib/python3.10/dist-packages/tutorial_interfaces-0.0.0-py3.10.egg-info
[5.207s] -- Installing: /home/vd/ros2ws/install/tutorial_interfaces/local/lib/python3.10/dist-packages/tutorial_interfaces-0.0.0-py3.10.egg-info/SOURCES.txt
[5.207s] -- Installing: /home/vd/ros2ws/install/tutorial_interfaces/local/lib/python3.10/dist-packages/tutorial_interfaces-0.0.0-py3.10.egg-info/PKG-INFO
[5.207s] -- Installing: /home/vd/ros2ws/install/tutorial_interfaces/local/lib/python3.10/dist-packages/tutorial_interfaces-0.0.0-py3.10.egg-info/top_level.txt
[5.207s] -- Installing: /home/vd/ros2ws/install/tutorial_interfaces/local/lib/python3.10/dist-packages/tutorial_interfaces-0.0.0-py3.10.egg-info/dependency_links.txt
[5.208s] -- Installing: /home/vd/ros2ws/install/tutorial_interfaces/local/lib/python3.10/dist-packages/tutorial_interfaces
[5.208s] -- Installing: /home/vd/ros2ws/install/tutorial_interfaces/local/lib/python3.10/dist-packages/tutorial_interfaces/_tutorial_interfaces_s.ep.rosidl_typesupport_introspection_c.c
[5.208s] -- Installing: /home/vd/ros2ws/install/tutorial_interfaces/local/lib/python3.10/dist-packages/tutorial_interfaces/tutorial_interfaces_s__rosidl_typesupport_introspection_c.cpython-310-x86_64-linux-gnu.so
[5.208s] -- Installing: /home/vd/ros2ws/install/tutorial_interfaces/local/lib/python3.10/dist-packages/tutorial_interfaces/_tutorial_interfaces_s.ep.rosidl_typesupport_c.c
[5.208s] -- Installing: /home/vd/ros2ws/install/tutorial_interfaces/local/lib/python3.10/dist-packages/tutorial_interfaces/tutorial_interfaces_s__rosidl_typesupport_c.cpython-310-x86_64-linux-gnu.so
[5.208s] -- Installing: /home/vd/ros2ws/install/tutorial_interfaces/local/lib/python3.10/dist-packages/tutorial_interfaces/__init__.py
[5.208s] -- Installing: /home/vd/ros2ws/install/tutorial_interfaces/local/lib/python3.10/dist-packages/tutorial_interfaces/_tutorial_interfaces_s.ep.rosidl_typesupport_fastrtps_c.c
[5.208s] -- Installing: /home/vd/ros2ws/install/tutorial_interfaces/local/lib/python3.10/dist-packages/tutorial_interfaces/msg
[5.208s] -- Installing: /home/vd/ros2ws/install/tutorial_interfaces/local/lib/python3.10/dist-packages/tutorial_interfaces/msg/_num_s.c
[5.208s] -- Installing: /home/vd/ros2ws/install/tutorial_interfaces/local/lib/python3.10/dist-packages/tutorial_interfaces/msg/__init__.py
[5.208s] -- Installing: /home/vd/ros2ws/install/tutorial_interfaces/local/lib/python3.10/dist-packages/tutorial_interfaces/msg/_num.py
[5.208s] -- Installing: /home/vd/ros2ws/install/tutorial_interfaces/local/lib/python3.10/dist-packages/tutorial_interfaces/msg/_sphere_s.c
[5.208s] -- Installing: /home/vd/ros2ws/install/tutorial_interfaces/local/lib/python3.10/dist-packages/tutorial_interfaces/msg/_sphere.py
[5.208s] -- Installing: /home/vd/ros2ws/install/tutorial_interfaces/local/lib/python3.10/dist-packages/tutorial_interfaces/libtutorial_interfaces__rosidl_generator_py.so
[5.208s] -- Installing: /home/vd/ros2ws/install/tutorial_interfaces/local/lib/python3.10/dist-packages/tutorial_interfaces/srv
[5.208s] -- Installing: /home/vd/ros2ws/install/tutorial_interfaces/local/lib/python3.10/dist-packages/tutorial_interfaces/srv/_add_three_ints_s.c
[5.208s] -- Installing: /home/vd/ros2ws/install/tutorial_interfaces/local/lib/python3.10/dist-packages/tutorial_interfaces/srv/__init__.py
[5.209s] -- Installing: /home/vd/ros2ws/install/tutorial_interfaces/local/lib/python3.10/dist-packages/tutorial_interfaces/srv/_add_three_ints.py
[5.209s] -- Installing: /home/vd/ros2ws/install/tutorial_interfaces/local/lib/python3.10/dist-packages/tutorial_interfaces/tutorial_interfaces_s__rosidl_typesupport_fastrtps_c.cpython-310-x86_64-linux-gnu.so
[5.234s] Listing '/home/vd/ros2ws/install/tutorial_interfaces/local/lib/python3.10/dist-packages/tutorial_interfaces'...
[5.234s] Compiling '/home/vd/ros2ws/install/tutorial_interfaces/local/lib/python3.10/dist-packages/tutorial_interfaces/__init__.py'...
[5.234s] Listing '/home/vd/ros2ws/install/tutorial_interfaces/local/lib/python3.10/dist-packages/tutorial_interfaces/msg'...
[5.234s] Compiling '/home/vd/ros2ws/install/tutorial_interfaces/local/lib/python3.10/dist-packages/tutorial_interfaces/msg/__init__.py'...
[5.234s] Compiling '/home/vd/ros2ws/install/tutorial_interfaces/local/lib/python3.10/dist-packages/tutorial_interfaces/msg/_num.py'...
[5.234s] Compiling '/home/vd/ros2ws/install/tutorial_interfaces/local/lib/python3.10/dist-packages/tutorial_interfaces/msg/_sphere.py'...
[5.234s] Listing '/home/vd/ros2ws/install/tutorial_interfaces/local/lib/python3.10/dist-packages/tutorial_interfaces/srv'...
[5.234s] Compiling '/home/vd/ros2ws/install/tutorial_interfaces/local/lib/python3.10/dist-packages/tutorial_interfaces/srv/__init__.py'...
[5.234s] Compiling '/home/vd/ros2ws/install/tutorial_interfaces/local/lib/python3.10/dist-packages/tutorial_interfaces/srv/_add_three_ints.py'...
[5.237s] -- Installing: /home/vd/ros2ws/install/tutorial_interfaces/local/lib/python3.10/dist-packages/tutorial_interfaces/tutorial_interfaces_s__rosidl_typesupport_fastrtps_c.cpython-310-x86_64-linux-gnu.so
[5.237s] -- Set runtime path of "/home/vd/ros2ws/install/tutorial_interfaces/local/lib/python3.10/dist-packages/tutorial_interfaces/tutorial_interfaces_s__rosidl_typesupport_fastrtps_c.cpython-310-x86_64-linux-gnu.so" to ""
[5.237s] -- Installing: /home/vd/ros2ws/install/tutorial_interfaces/local/lib/python3.10/dist-packages/tutorial_interfaces/tutorial_interfaces_s__rosidl_typesupport_introspection_c.cpython-310-x86_64-linux-gnu.so
[5.238s] -- Set runtime path of "/home/vd/ros2ws/install/tutorial_interfaces/local/lib/python3.10/dist-packages/tutorial_interfaces/tutorial_interfaces_s__rosidl_typesupport_introspection_c.cpython-310-x86_64-linux-gnu.so" to ""
[5.238s] -- Installing: /home/vd/ros2ws/install/tutorial_interfaces/local/lib/python3.10/dist-packages/tutorial_interfaces/tutorial_interfaces_s__rosidl_typesupport_c.cpython-310-x86_64-linux-gnu.so
[5.238s] -- Set runtime path of "/home/vd/ros2ws/install/tutorial_interfaces/local/lib/python3.10/dist-packages/tutorial_interfaces/tutorial_interfaces_s__rosidl_typesupport_c.cpython-310-x86_64-linux-gnu.so" to ""
[5.238s] -- Installing: /home/vd/ros2ws/install/tutorial_interfaces/lib/libtutorial_interfaces__rosidl_generator_py.so
[5.238s] -- Set runtime path of "/home/vd/ros2ws/install/tutorial_interfaces/lib/libtutorial_interfaces__rosidl_generator_py.so" to ""
[5.238s] -- Installing: /home/vd/ros2ws/install/tutorial_interfaces/share/tutorial_interfaces/msg/Num.idl
[5.238s] -- Installing: /home/vd/ros2ws/install/tutorial_interfaces/share/tutorial_interfaces/msg/Sphere.idl
[5.238s] -- Installing: /home/vd/ros2ws/install/tutorial_interfaces/share/tutorial_interfaces/srv/AddThreeInts.idl
[5.238s] -- Installing: /home/vd/ros2ws/install/tutorial_interfaces/share/tutorial_interfaces/msg/Num.msg
[5.239s] -- Installing: /home/vd/ros2ws/install/tutorial_interfaces/share/tutorial_interfaces/msg/Sphere.msg
[5.239s] -- Installing: /home/vd/ros2ws/install/tutorial_interfaces/share/tutorial_interfaces/srv/AddThreeInts.srv
[5.239s] -- Installing: /home/vd/ros2ws/install/tutorial_interfaces/share/tutorial_interfaces/srv/AddThreeInts_Request.msg
[5.239s] -- Installing: /home/vd/ros2ws/install/tutorial_interfaces/share/tutorial_interfaces/srv/AddThreeInts_Response.msg
[5.239s] -- Installing: /home/vd/ros2ws/install/tutorial_interfaces/share/ament_index/resource_index/package_run_dependencies/tutorial_interfaces
[5.239s] -- Installing: /home/vd/ros2ws/install/tutorial_interfaces/share/ament_index/resource_index/parent_prefix_path/tutorial_interfaces
[5.239s] -- Installing: /home/vd/ros2ws/install/tutorial_interfaces/share/tutorial_interfaces/environment/ament_prefix_path.sh
[5.239s] -- Installing: /home/vd/ros2ws/install/tutorial_interfaces/share/tutorial_interfaces/environment/ament_prefix_path.dsv
[5.239s] -- Installing: /home/vd/ros2ws/install/tutorial_interfaces/share/tutorial_interfaces/environment/path.sh
[5.239s] -- Installing: /home/vd/ros2ws/install/tutorial_interfaces/share/tutorial_interfaces/environment/path.dsv
[5.239s] -- Installing: /home/vd/ros2ws/install/tutorial_interfaces/share/tutorial_interfaces/local_setup.bash
[5.239s] -- Installing: /home/vd/ros2ws/install/tutorial_interfaces/share/tutorial_interfaces/local_setup.sh
[5.239s] -- Installing: /home/vd/ros2ws/install/tutorial_interfaces/share/tutorial_interfaces/local_setup.zsh
[5.239s] -- Installing: /home/vd/ros2ws/install/tutorial_interfaces/share/tutorial_interfaces/local_setup.dsv
[5.240s] -- Installing: /home/vd/ros2ws/install/tutorial_interfaces/share/tutorial_interfaces/package.dsv
[5.240s] -- Installing: /home/vd/ros2ws/install/tutorial_interfaces/share/ament_index/resource_index/packages/tutorial_interfaces
[5.240s] -- Installing: /home/vd/ros2ws/install/tutorial_interfaces/share/tutorial_interfaces/cmake/export_tutorial_interfaces__rosidl_generator_cExport.cmake
[5.240s] -- Installing: /home/vd/ros2ws/install/tutorial_interfaces/share/tutorial_interfaces/cmake/export_tutorial_interfaces__rosidl_generator_cExport-noconfig.cmake
[5.240s] -- Installing: /home/vd/ros2ws/install/tutorial_interfaces/share/tutorial_interfaces/cmake/export_tutorial_interfaces__rosidl_typesupport_fastrtps_cExport.cmake
[5.240s] -- Installing: /home/vd/ros2ws/install/tutorial_interfaces/share/tutorial_interfaces/cmake/export_tutorial_interfaces__rosidl_typesupport_fastrtps_cExport-noconfig.cmake
[5.240s] -- Installing: /home/vd/ros2ws/install/tutorial_interfaces/share/tutorial_interfaces/cmake/export_tutorial_interfaces__rosidl_generator_cppExport.cmake
[5.240s] -- Installing: /home/vd/ros2ws/install/tutorial_interfaces/share/tutorial_interfaces/cmake/export_tutorial_interfaces__rosidl_typesupport_fastrtps_cppExport.cmake
[5.240s] -- Installing: /home/vd/ros2ws/install/tutorial_interfaces/share/tutorial_interfaces/cmake/export_tutorial_interfaces__rosidl_typesupport_fastrtps_cppExport-noconfig.cmake
[5.240s] -- Installing: /home/vd/ros2ws/install/tutorial_interfaces/share/tutorial_interfaces/cmake/tutorial_interfaces__rosidl_typesupport_introspection_cExport.cmake
[5.240s] -- Installing: /home/vd/ros2ws/install/tutorial_interfaces/share/tutorial_interfaces/cmake/tutorial_interfaces__rosidl_typesupport_introspection_cExport-noconfig.cmake
[5.240s] -- Installing: /home/vd/ros2ws/install/tutorial_interfaces/share/tutorial_interfaces/cmake/tutorial_interfaces__rosidl_typesupport_cExport.cmake
[5.241s] -- Installing: /home/vd/ros2ws/install/tutorial_interfaces/share/tutorial_interfaces/cmake/tutorial_interfaces__rosidl_typesupport_cExport-noconfig.cmake
[5.241s] -- Installing: /home/vd/ros2ws/install/tutorial_interfaces/share/tutorial_interfaces/cmake/tutorial_interfaces__rosidl_typesupport_introspection_cppExport.cmake
[5.241s] -- Installing: /home/vd/ros2ws/install/tutorial_interfaces/share/tutorial_interfaces/cmake/tutorial_interfaces__rosidl_typesupport_introspection_cppExport-noconfig.cmake
[5.241s] -- Installing: /home/vd/ros2ws/install/tutorial_interfaces/share/tutorial_interfaces/cmake/tutorial_interfaces__rosidl_typesupport_cppExport.cmake
[5.241s] -- Installing: /home/vd/ros2ws/install/tutorial_interfaces/share/tutorial_interfaces/cmake/tutorial_interfaces__rosidl_typesupport_cppExport-noconfig.cmake
[5.241s] -- Installing: /home/vd/ros2ws/install/tutorial_interfaces/share/tutorial_interfaces/cmake/export_tutorial_interfaces__rosidl_generator_pyExport.cmake
[5.241s] -- Installing: /home/vd/ros2ws/install/tutorial_interfaces/share/tutorial_interfaces/cmake/export_tutorial_interfaces__rosidl_generator_pyExport-noconfig.cmake
[5.241s] -- Installing: /home/vd/ros2ws/install/tutorial_interfaces/share/tutorial_interfaces/cmake/rosidl_cmake-extras.cmake
[5.241s] -- Installing: /home/vd/ros2ws/install/tutorial_interfaces/share/tutorial_interfaces/cmake/ament_cmake_export_dependencies-extras.cmake
[5.241s] -- Installing: /home/vd/ros2ws/install/tutorial_interfaces/share/tutorial_interfaces/cmake/ament_cmake_export_include_directories-extras.cmake
[5.241s] -- Installing: /home/vd/ros2ws/install/tutorial_interfaces/share/tutorial_interfaces/cmake/ament_cmake_export_libraries-extras.cmake
[5.241s] -- Installing: /home/vd/ros2ws/install/tutorial_interfaces/share/tutorial_interfaces/cmake/ament_cmake_export_targets-extras.cmake
[5.241s] -- Installing: /home/vd/ros2ws/install/tutorial_interfaces/share/tutorial_interfaces/cmake/rosidl_cmake_export_typesupport_targets-extras.cmake
[5.242s] -- Installing: /home/vd/ros2ws/install/tutorial_interfaces/share/tutorial_interfaces/cmake/rosidl_cmake_export_typesupport_libraries-extras.cmake
[5.242s] -- Installing: /home/vd/ros2ws/install/tutorial_interfaces/share/tutorial_interfaces/cmake/tutorial_interfacesConfig.cmake
[5.242s] -- Installing: /home/vd/ros2ws/install/tutorial_interfaces/share/tutorial_interfaces/cmake/tutorial_interfacesConfig-version.cmake
[5.242s] -- Installing: /home/vd/ros2ws/install/tutorial_interfaces/share/tutorial_interfaces/package.xml
[5.244s] Invoked command in '/home/vd/ros2ws/build/tutorial_interfaces' returned '0': CMAKE_PREFIX_PATH=/home/vd/ros2ws/install/py_pubsub:/opt/ros/humble /usr/bin/cmake --install /home/vd/ros2ws/build/tutorial_interfaces
