[0.007s] Invoking command in '/home/vd/ros2ws/build/tutorial_interfaces': CMAKE_PREFIX_PATH=${CMAKE_PREFIX_PATH}:/home/vd/ros2ws/install/py_pubsub:/opt/ros/humble /usr/bin/cmake /home/vd/ros2ws/src/tutorial_interfaces -DCMAKE_INSTALL_PREFIX=/home/vd/ros2ws/install/tutorial_interfaces
[0.015s] -- Found ament_cmake: 1.3.10 (/opt/ros/humble/share/ament_cmake/cmake)
[0.101s] -- Override CMake install command with custom implementation using symlinks instead of copying resources
[0.105s] -- Found geometry_msgs: 4.2.4 (/opt/ros/humble/share/geometry_msgs/cmake)
[0.122s] -- Found rosidl_generator_c: 3.1.5 (/opt/ros/humble/share/rosidl_generator_c/cmake)
[0.124s] -- Found rosidl_adapter: 3.1.5 (/opt/ros/humble/share/rosidl_adapter/cmake)
[0.128s] -- Found rosidl_generator_cpp: 3.1.5 (/opt/ros/humble/share/rosidl_generator_cpp/cmake)
[0.137s] -- Using all available rosidl_typesupport_c: rosidl_typesupport_fastrtps_c;rosidl_typesupport_introspection_c
[0.146s] -- Using all available rosidl_typesupport_cpp: rosidl_typesupport_fastrtps_cpp;rosidl_typesupport_introspection_cpp
[0.169s] -- Found rosidl_default_generators: 1.2.0 (/opt/ros/humble/share/rosidl_default_generators/cmake)
[0.173s] -- Found ament_lint_auto: 0.12.11 (/opt/ros/humble/share/ament_lint_auto/cmake)
[0.382s] -- Found ament_cmake_ros: 0.10.0 (/opt/ros/humble/share/ament_cmake_ros/cmake)
[0.669s] -- Using all available rosidl_typesupport_c: rosidl_typesupport_fastrtps_c;rosidl_typesupport_introspection_c
[0.780s] -- Using all available rosidl_typesupport_cpp: rosidl_typesupport_fastrtps_cpp;rosidl_typesupport_introspection_cpp
[0.796s] -- Found python_cmake_module: 0.10.0 (/opt/ros/humble/share/python_cmake_module/cmake)
[0.812s] -- Using PYTHON_EXECUTABLE: /usr/bin/python3
[0.812s] -- Using PYTHON_INCLUDE_DIRS: /usr/include/python3.10
[0.812s] -- Using PYTHON_LIBRARIES: /usr/lib/x86_64-linux-gnu/libpython3.10.so
[0.839s] -- Found rclcpp: 16.0.10 (/opt/ros/humble/share/rclcpp/cmake)
[0.856s] -- Found rmw_implementation_cmake: 6.1.2 (/opt/ros/humble/share/rmw_implementation_cmake/cmake)
[0.857s] -- Found rmw_fastrtps_cpp: 6.2.7 (/opt/ros/humble/share/rmw_fastrtps_cpp/cmake)
[0.923s] -- Using RMW implementation 'rmw_fastrtps_cpp' as default
[0.952s] -- Found tutorial_interfaces: 0.0.0 (/home/vd/ros2ws/install/tutorial_interfaces/share/tutorial_interfaces/cmake)
[0.960s] [31mCMake Error at /opt/ros/humble/share/ament_cmake_target_dependencies/cmake/ament_target_dependencies.cmake:42 (message):
[0.960s]   ament_target_dependencies() the first argument must be a valid target name
[0.960s] Call Stack (most recent call first):
[0.960s]   CMakeLists.txt:45 (ament_target_dependencies)
[0.960s] 
[0.960s] [0m
[0.960s] -- Configuring incomplete, errors occurred!
[0.960s] See also "/home/vd/ros2ws/build/tutorial_interfaces/CMakeFiles/CMakeOutput.log".
[0.966s] Invoked command in '/home/vd/ros2ws/build/tutorial_interfaces' returned '1': CMAKE_PREFIX_PATH=${CMAKE_PREFIX_PATH}:/home/vd/ros2ws/install/py_pubsub:/opt/ros/humble /usr/bin/cmake /home/vd/ros2ws/src/tutorial_interfaces -DCMAKE_INSTALL_PREFIX=/home/vd/ros2ws/install/tutorial_interfaces
