[0.491s] Invoking command in '/home/vd/ros2ws/src/py_pubsub': PYTHONPATH=/home/vd/ros2ws/build/py_pubsub/prefix_override:/usr/lib/python3/dist-packages/colcon_core/task/python/colcon_distutils_commands:/home/vd/ros2ws/install/py_pubsub/lib/python3.10/site-packages:${PYTHONPATH} /usr/bin/python3 -W ignore:setup.py install is deprecated -W ignore:easy_install command is deprecated setup.py egg_info --egg-base ../../build/py_pubsub build --build-base /home/vd/ros2ws/build/py_pubsub/build install --record /home/vd/ros2ws/build/py_pubsub/install.log --single-version-externally-managed install_data
[0.666s] running egg_info
[0.666s] writing ../../build/py_pubsub/py_pubsub.egg-info/PKG-INFO
[0.666s] writing dependency_links to ../../build/py_pubsub/py_pubsub.egg-info/dependency_links.txt
[0.667s] writing entry points to ../../build/py_pubsub/py_pubsub.egg-info/entry_points.txt
[0.667s] writing requirements to ../../build/py_pubsub/py_pubsub.egg-info/requires.txt
[0.667s] writing top-level names to ../../build/py_pubsub/py_pubsub.egg-info/top_level.txt
[0.668s] reading manifest file '../../build/py_pubsub/py_pubsub.egg-info/SOURCES.txt'
[0.668s] adding license file 'LICENSE'
[0.669s] writing manifest file '../../build/py_pubsub/py_pubsub.egg-info/SOURCES.txt'
[0.669s] running build
[0.669s] running build_py
[0.669s] copying py_pubsub/msgsub.py -> /home/vd/ros2ws/build/py_pubsub/build/lib/py_pubsub
[0.669s] running install
[0.669s] running install_lib
[0.670s] copying /home/vd/ros2ws/build/py_pubsub/build/lib/py_pubsub/msgsub.py -> /home/vd/ros2ws/install/py_pubsub/lib/python3.10/site-packages/py_pubsub
[0.670s] byte-compiling /home/vd/ros2ws/install/py_pubsub/lib/python3.10/site-packages/py_pubsub/msgsub.py to msgsub.cpython-310.pyc
[0.671s] running install_data
[0.671s] error: can't copy 'resource/py_pubsub': doesn't exist or not a regular file
[0.688s] Invoked command in '/home/vd/ros2ws/src/py_pubsub' returned '1': PYTHONPATH=/home/vd/ros2ws/build/py_pubsub/prefix_override:/usr/lib/python3/dist-packages/colcon_core/task/python/colcon_distutils_commands:/home/vd/ros2ws/install/py_pubsub/lib/python3.10/site-packages:${PYTHONPATH} /usr/bin/python3 -W ignore:setup.py install is deprecated -W ignore:easy_install command is deprecated setup.py egg_info --egg-base ../../build/py_pubsub build --build-base /home/vd/ros2ws/build/py_pubsub/build install --record /home/vd/ros2ws/build/py_pubsub/install.log --single-version-externally-managed install_data
