running egg_info
writing ../../build/py_pubsub/py_pubsub.egg-info/PKG-INFO
writing dependency_links to ../../build/py_pubsub/py_pubsub.egg-info/dependency_links.txt
writing entry points to ../../build/py_pubsub/py_pubsub.egg-info/entry_points.txt
writing requirements to ../../build/py_pubsub/py_pubsub.egg-info/requires.txt
writing top-level names to ../../build/py_pubsub/py_pubsub.egg-info/top_level.txt
reading manifest file '../../build/py_pubsub/py_pubsub.egg-info/SOURCES.txt'
adding license file 'LICENSE'
writing manifest file '../../build/py_pubsub/py_pubsub.egg-info/SOURCES.txt'
running build
running build_py
copying py_pubsub/msgsub.py -> /home/vd/ros2ws/build/py_pubsub/build/lib/py_pubsub
copying py_pubsub/msgpub.py -> /home/vd/ros2ws/build/py_pubsub/build/lib/py_pubsub
running install
running install_lib
copying /home/vd/ros2ws/build/py_pubsub/build/lib/py_pubsub/msgsub.py -> /home/vd/ros2ws/install/py_pubsub/lib/python3.10/site-packages/py_pubsub
copying /home/vd/ros2ws/build/py_pubsub/build/lib/py_pubsub/msgpub.py -> /home/vd/ros2ws/install/py_pubsub/lib/python3.10/site-packages/py_pubsub
byte-compiling /home/vd/ros2ws/install/py_pubsub/lib/python3.10/site-packages/py_pubsub/msgsub.py to msgsub.cpython-310.pyc
byte-compiling /home/vd/ros2ws/install/py_pubsub/lib/python3.10/site-packages/py_pubsub/msgpub.py to msgpub.cpython-310.pyc
running install_data
copying package.xml -> /home/vd/ros2ws/install/py_pubsub/share/py_pubsub
running install_egg_info
removing '/home/vd/ros2ws/install/py_pubsub/lib/python3.10/site-packages/py_pubsub-0.0.0-py3.10.egg-info' (and everything under it)
Copying ../../build/py_pubsub/py_pubsub.egg-info to /home/vd/ros2ws/install/py_pubsub/lib/python3.10/site-packages/py_pubsub-0.0.0-py3.10.egg-info
running install_scripts
Installing listener1 script to /home/vd/ros2ws/install/py_pubsub/lib/py_pubsub
Installing talker1 script to /home/vd/ros2ws/install/py_pubsub/lib/py_pubsub
writing list of installed files to '/home/vd/ros2ws/build/py_pubsub/install.log'
