[0.522s] Invoking command in '/home/vd/ros2ws/build/my_robot_controller': PYTHONPATH=/home/vd/ros2ws/build/my_robot_controller/prefix_override:/usr/lib/python3/dist-packages/colcon_core/task/python/colcon_distutils_commands:/home/vd/ros2ws/install/my_robot_controller/lib/python3.10/site-packages:${PYTHONPATH} /usr/bin/python3 -W ignore:setup.py install is deprecated -W ignore:easy_install command is deprecated setup.py develop --editable --build-directory /home/vd/ros2ws/build/my_robot_controller/build --no-deps symlink_data
[0.750s] running develop
[0.861s] running egg_info
[0.861s] writing my_robot_controller.egg-info/PKG-INFO
[0.862s] writing dependency_links to my_robot_controller.egg-info/dependency_links.txt
[0.862s] writing entry points to my_robot_controller.egg-info/entry_points.txt
[0.862s] writing requirements to my_robot_controller.egg-info/requires.txt
[0.862s] writing top-level names to my_robot_controller.egg-info/top_level.txt
[0.864s] reading manifest file 'my_robot_controller.egg-info/SOURCES.txt'
[0.864s] writing manifest file 'my_robot_controller.egg-info/SOURCES.txt'
[0.865s] running build_ext
[0.865s] Creating /home/vd/ros2ws/install/my_robot_controller/lib/python3.10/site-packages/my-robot-controller.egg-link (link to .)
[0.866s] Installing draw_circle script to /home/vd/ros2ws/install/my_robot_controller/lib/my_robot_controller
[0.866s] Installing pose_subscriber script to /home/vd/ros2ws/install/my_robot_controller/lib/my_robot_controller
[0.866s] Installing test_node script to /home/vd/ros2ws/install/my_robot_controller/lib/my_robot_controller
[0.866s] 
[0.866s] Installed /home/vd/ros2ws/build/my_robot_controller
[0.866s] running symlink_data
[0.867s] error: can't copy '/home/vd/ros2ws/build/my_robot_controller/resource/my_robot_controller': doesn't exist or not a regular file
[0.900s] Invoked command in '/home/vd/ros2ws/build/my_robot_controller' returned '1': PYTHONPATH=/home/vd/ros2ws/build/my_robot_controller/prefix_override:/usr/lib/python3/dist-packages/colcon_core/task/python/colcon_distutils_commands:/home/vd/ros2ws/install/my_robot_controller/lib/python3.10/site-packages:${PYTHONPATH} /usr/bin/python3 -W ignore:setup.py install is deprecated -W ignore:easy_install command is deprecated setup.py develop --editable --build-directory /home/vd/ros2ws/build/my_robot_controller/build --no-deps symlink_data
