[0.721s] Invoking command in '/home/vd/ros2ws/src/my_robot_controller': PYTHONPATH=/home/vd/ros2ws/build/my_robot_controller/prefix_override:/usr/lib/python3/dist-packages/colcon_core/task/python/colcon_distutils_commands:/home/vd/ros2ws/install/my_robot_controller/lib/python3.10/site-packages:${PYTHONPATH} /usr/bin/python3 -W ignore:setup.py install is deprecated -W ignore:easy_install command is deprecated setup.py egg_info --egg-base ../../build/my_robot_controller build --build-base /home/vd/ros2ws/build/my_robot_controller/build install --record /home/vd/ros2ws/build/my_robot_controller/install.log --single-version-externally-managed install_data
[0.910s] running egg_info
[0.910s] creating ../../build/my_robot_controller/my_robot_controller.egg-info
[0.910s] writing ../../build/my_robot_controller/my_robot_controller.egg-info/PKG-INFO
[0.910s] writing dependency_links to ../../build/my_robot_controller/my_robot_controller.egg-info/dependency_links.txt
[0.911s] writing entry points to ../../build/my_robot_controller/my_robot_controller.egg-info/entry_points.txt
[0.911s] writing requirements to ../../build/my_robot_controller/my_robot_controller.egg-info/requires.txt
[0.911s] writing top-level names to ../../build/my_robot_controller/my_robot_controller.egg-info/top_level.txt
[0.911s] writing manifest file '../../build/my_robot_controller/my_robot_controller.egg-info/SOURCES.txt'
[0.912s] reading manifest file '../../build/my_robot_controller/my_robot_controller.egg-info/SOURCES.txt'
[0.913s] writing manifest file '../../build/my_robot_controller/my_robot_controller.egg-info/SOURCES.txt'
[0.913s] running build
[0.913s] running build_py
[0.913s] creating /home/vd/ros2ws/build/my_robot_controller/build
[0.913s] creating /home/vd/ros2ws/build/my_robot_controller/build/lib
[0.913s] creating /home/vd/ros2ws/build/my_robot_controller/build/lib/my_robot_controller
[0.913s] copying my_robot_controller/draw_circle.py -> /home/vd/ros2ws/build/my_robot_controller/build/lib/my_robot_controller
[0.913s] copying my_robot_controller/__init__.py -> /home/vd/ros2ws/build/my_robot_controller/build/lib/my_robot_controller
[0.914s] copying my_robot_controller/pose_subscriber.py -> /home/vd/ros2ws/build/my_robot_controller/build/lib/my_robot_controller
[0.914s] copying my_robot_controller/my_first_node.py -> /home/vd/ros2ws/build/my_robot_controller/build/lib/my_robot_controller
[0.914s] running install
[0.914s] running install_lib
[0.915s] creating /home/vd/ros2ws/install/my_robot_controller/lib/python3.10/site-packages/my_robot_controller
[0.915s] copying /home/vd/ros2ws/build/my_robot_controller/build/lib/my_robot_controller/draw_circle.py -> /home/vd/ros2ws/install/my_robot_controller/lib/python3.10/site-packages/my_robot_controller
[0.915s] copying /home/vd/ros2ws/build/my_robot_controller/build/lib/my_robot_controller/__init__.py -> /home/vd/ros2ws/install/my_robot_controller/lib/python3.10/site-packages/my_robot_controller
[0.915s] copying /home/vd/ros2ws/build/my_robot_controller/build/lib/my_robot_controller/pose_subscriber.py -> /home/vd/ros2ws/install/my_robot_controller/lib/python3.10/site-packages/my_robot_controller
[0.915s] copying /home/vd/ros2ws/build/my_robot_controller/build/lib/my_robot_controller/my_first_node.py -> /home/vd/ros2ws/install/my_robot_controller/lib/python3.10/site-packages/my_robot_controller
[0.916s] byte-compiling /home/vd/ros2ws/install/my_robot_controller/lib/python3.10/site-packages/my_robot_controller/draw_circle.py to draw_circle.cpython-310.pyc
[0.916s] byte-compiling /home/vd/ros2ws/install/my_robot_controller/lib/python3.10/site-packages/my_robot_controller/__init__.py to __init__.cpython-310.pyc
[0.916s] byte-compiling /home/vd/ros2ws/install/my_robot_controller/lib/python3.10/site-packages/my_robot_controller/pose_subscriber.py to pose_subscriber.cpython-310.pyc
[0.916s] byte-compiling /home/vd/ros2ws/install/my_robot_controller/lib/python3.10/site-packages/my_robot_controller/my_first_node.py to my_first_node.cpython-310.pyc
[0.917s] running install_data
[0.917s] creating /home/vd/ros2ws/install/my_robot_controller/share/ament_index
[0.917s] creating /home/vd/ros2ws/install/my_robot_controller/share/ament_index/resource_index
[0.917s] creating /home/vd/ros2ws/install/my_robot_controller/share/ament_index/resource_index/packages
[0.918s] error: can't copy 'resource/my_robot_controller': doesn't exist or not a regular file
[0.942s] Invoked command in '/home/vd/ros2ws/src/my_robot_controller' returned '1': PYTHONPATH=/home/vd/ros2ws/build/my_robot_controller/prefix_override:/usr/lib/python3/dist-packages/colcon_core/task/python/colcon_distutils_commands:/home/vd/ros2ws/install/my_robot_controller/lib/python3.10/site-packages:${PYTHONPATH} /usr/bin/python3 -W ignore:setup.py install is deprecated -W ignore:easy_install command is deprecated setup.py egg_info --egg-base ../../build/my_robot_controller build --build-base /home/vd/ros2ws/build/my_robot_controller/build install --record /home/vd/ros2ws/build/my_robot_controller/install.log --single-version-externally-managed install_data
