[0.014s] Invoking command in '/home/vd/ros2ws/src/build/tutorial_interfaces': CMAKE_PREFIX_PATH=${CMAKE_PREFIX_PATH}:/home/vd/ros2ws/install/py_pubsub:/opt/ros/humble /usr/bin/cmake /home/vd/ros2ws/src/tutorial_interfaces -DCMAKE_INSTALL_PREFIX=/home/vd/ros2ws/src/install/tutorial_interfaces
[0.058s] -- Found ament_cmake: 1.3.10 (/opt/ros/humble/share/ament_cmake/cmake)
[0.175s] -- Found geometry_msgs: 4.2.4 (/opt/ros/humble/share/geometry_msgs/cmake)
[0.212s] -- Found rosidl_generator_c: 3.1.5 (/opt/ros/humble/share/rosidl_generator_c/cmake)
[0.215s] -- Found rosidl_adapter: 3.1.5 (/opt/ros/humble/share/rosidl_adapter/cmake)
[0.222s] -- Found rosidl_generator_cpp: 3.1.5 (/opt/ros/humble/share/rosidl_generator_cpp/cmake)
[0.236s] -- Using all available rosidl_typesupport_c: rosidl_typesupport_fastrtps_c;rosidl_typesupport_introspection_c
[0.253s] -- Using all available rosidl_typesupport_cpp: rosidl_typesupport_fastrtps_cpp;rosidl_typesupport_introspection_cpp
[0.295s] -- Found rosidl_default_generators: 1.2.0 (/opt/ros/humble/share/rosidl_default_generators/cmake)
[0.301s] -- Found ament_lint_auto: 0.12.11 (/opt/ros/humble/share/ament_lint_auto/cmake)
[0.533s] -- Found ament_cmake_ros: 0.10.0 (/opt/ros/humble/share/ament_cmake_ros/cmake)
[0.838s] -- Using all available rosidl_typesupport_c: rosidl_typesupport_fastrtps_c;rosidl_typesupport_introspection_c
[0.955s] -- Using all available rosidl_typesupport_cpp: rosidl_typesupport_fastrtps_cpp;rosidl_typesupport_introspection_cpp
[0.972s] -- Found python_cmake_module: 0.10.0 (/opt/ros/humble/share/python_cmake_module/cmake)
[0.989s] -- Using PYTHON_EXECUTABLE: /usr/bin/python3
[0.990s] -- Using PYTHON_INCLUDE_DIRS: /usr/include/python3.10
[0.990s] -- Using PYTHON_LIBRARIES: /usr/lib/x86_64-linux-gnu/libpython3.10.so
[1.015s] -- Found rclcpp: 16.0.10 (/opt/ros/humble/share/rclcpp/cmake)
[1.040s] -- Found rmw_implementation_cmake: 6.1.2 (/opt/ros/humble/share/rmw_implementation_cmake/cmake)
[1.042s] -- Found rmw_fastrtps_cpp: 6.2.7 (/opt/ros/humble/share/rmw_fastrtps_cpp/cmake)
[1.117s] -- Using RMW implementation 'rmw_fastrtps_cpp' as default
[1.153s] -- Found tutorial_interfaces: 0.0.0 (/home/vd/ros2ws/install/tutorial_interfaces/share/tutorial_interfaces/cmake)
[1.165s] [31mCMake Error at CMakeLists.txt:50 (install):
[1.165s]   install TARGETS given target "talker1" which does not exist.
[1.165s] 
[1.165s] [0m
[1.170s] -- Added test 'flake8' to check Python code syntax and style conventions
[1.170s] -- Added test 'lint_cmake' to check CMake code style
[1.170s] -- Added test 'pep257' to check Python code against some of the docstring style conventions in PEP 257
[1.171s] -- Added test 'xmllint' to check XML markup files
[1.177s] [31mCMake Error at /opt/ros/humble/share/ament_cmake_core/cmake/environment_hooks/ament_environment_hooks.cmake:29 (message):
[1.177s]   ament_environment_hooks() must be called before
[1.177s]   ament_generate_package_environment() (which is invoked by ament_package())
[1.177s] Call Stack (most recent call first):
[1.177s]   /opt/ros/humble/share/ament_cmake_core/cmake/environment_hooks/ament_cmake_environment_hooks_package_hook.cmake:20 (ament_environment_hooks)
[1.177s]   /opt/ros/humble/share/ament_cmake_core/cmake/core/ament_execute_extensions.cmake:48 (include)
[1.177s]   /opt/ros/humble/share/ament_cmake_core/cmake/core/ament_package.cmake:66 (ament_execute_extensions)
[1.177s]   CMakeLists.txt:56 (ament_package)
[1.177s] 
[1.177s] [0m
[1.177s] -- Configuring incomplete, errors occurred!
[1.177s] See also "/home/vd/ros2ws/src/build/tutorial_interfaces/CMakeFiles/CMakeOutput.log".
