[0.618s] Invoking command in '/home/vd/ros2ws/src/py_pubsub': PYTHONPATH=/home/vd/ros2ws/build/py_pubsub/prefix_override:/usr/lib/python3/dist-packages/colcon_core/task/python/colcon_distutils_commands:/home/vd/ros2ws/install/py_pubsub/lib/python3.10/site-packages:${PYTHONPATH} /usr/bin/python3 -W ignore:setup.py install is deprecated -W ignore:easy_install command is deprecated setup.py egg_info --egg-base ../../build/py_pubsub build --build-base /home/vd/ros2ws/build/py_pubsub/build install --record /home/vd/ros2ws/build/py_pubsub/install.log --single-version-externally-managed install_data
[0.797s] running egg_info
[0.798s] writing ../../build/py_pubsub/py_pubsub.egg-info/PKG-INFO
[0.798s] writing dependency_links to ../../build/py_pubsub/py_pubsub.egg-info/dependency_links.txt
[0.798s] writing entry points to ../../build/py_pubsub/py_pubsub.egg-info/entry_points.txt
[0.798s] writing requirements to ../../build/py_pubsub/py_pubsub.egg-info/requires.txt
[0.798s] writing top-level names to ../../build/py_pubsub/py_pubsub.egg-info/top_level.txt
[0.799s] reading manifest file '../../build/py_pubsub/py_pubsub.egg-info/SOURCES.txt'
[0.803s] adding license file 'LICENSE'
[0.803s] writing manifest file '../../build/py_pubsub/py_pubsub.egg-info/SOURCES.txt'
[0.803s] running build
[0.803s] running build_py
[0.804s] copying py_pubsub/subscriber_member_function.py -> /home/vd/ros2ws/build/py_pubsub/build/lib/py_pubsub
[0.804s] running install
[0.804s] running install_lib
[0.805s] copying /home/vd/ros2ws/build/py_pubsub/build/lib/py_pubsub/subscriber_member_function.py -> /home/vd/ros2ws/install/py_pubsub/lib/python3.10/site-packages/py_pubsub
[0.805s] byte-compiling /home/vd/ros2ws/install/py_pubsub/lib/python3.10/site-packages/py_pubsub/subscriber_member_function.py to subscriber_member_function.cpython-310.pyc
[0.806s] running install_data
[0.806s] running install_egg_info
[0.807s] removing '/home/vd/ros2ws/install/py_pubsub/lib/python3.10/site-packages/py_pubsub-0.0.0-py3.10.egg-info' (and everything under it)
[0.807s] Copying ../../build/py_pubsub/py_pubsub.egg-info to /home/vd/ros2ws/install/py_pubsub/lib/python3.10/site-packages/py_pubsub-0.0.0-py3.10.egg-info
[0.808s] running install_scripts
[0.823s] Installing listener script to /home/vd/ros2ws/install/py_pubsub/lib/py_pubsub
[0.823s] Installing talker script to /home/vd/ros2ws/install/py_pubsub/lib/py_pubsub
[0.823s] writing list of installed files to '/home/vd/ros2ws/build/py_pubsub/install.log'
[0.849s] Invoked command in '/home/vd/ros2ws/src/py_pubsub' returned '0': PYTHONPATH=/home/vd/ros2ws/build/py_pubsub/prefix_override:/usr/lib/python3/dist-packages/colcon_core/task/python/colcon_distutils_commands:/home/vd/ros2ws/install/py_pubsub/lib/python3.10/site-packages:${PYTHONPATH} /usr/bin/python3 -W ignore:setup.py install is deprecated -W ignore:easy_install command is deprecated setup.py egg_info --egg-base ../../build/py_pubsub build --build-base /home/vd/ros2ws/build/py_pubsub/build install --record /home/vd/ros2ws/build/py_pubsub/install.log --single-version-externally-managed install_data
