[0.902s] Invoking command in '/home/vd/ros2ws/src/py_pubsub': PYTHONPATH=/home/vd/ros2ws/build/py_pubsub/prefix_override:/usr/lib/python3/dist-packages/colcon_core/task/python/colcon_distutils_commands:/home/vd/ros2ws/install/py_pubsub/lib/python3.10/site-packages:${PYTHONPATH} /usr/bin/python3 -W ignore:setup.py install is deprecated -W ignore:easy_install command is deprecated setup.py egg_info --egg-base ../../build/py_pubsub build --build-base /home/vd/ros2ws/build/py_pubsub/build install --record /home/vd/ros2ws/build/py_pubsub/install.log --single-version-externally-managed install_data
[1.225s] running egg_info
[1.225s] writing ../../build/py_pubsub/py_pubsub.egg-info/PKG-INFO
[1.225s] writing dependency_links to ../../build/py_pubsub/py_pubsub.egg-info/dependency_links.txt
[1.226s] writing entry points to ../../build/py_pubsub/py_pubsub.egg-info/entry_points.txt
[1.226s] writing requirements to ../../build/py_pubsub/py_pubsub.egg-info/requires.txt
[1.226s] writing top-level names to ../../build/py_pubsub/py_pubsub.egg-info/top_level.txt
[1.228s] reading manifest file '../../build/py_pubsub/py_pubsub.egg-info/SOURCES.txt'
[1.231s] adding license file 'LICENSE'
[1.232s] writing manifest file '../../build/py_pubsub/py_pubsub.egg-info/SOURCES.txt'
[1.233s] running build
[1.233s] running build_py
[1.233s] copying py_pubsub/subscriber_member_function.py -> /home/vd/ros2ws/build/py_pubsub/build/lib/py_pubsub
[1.233s] copying py_pubsub/publisher_member_function.py -> /home/vd/ros2ws/build/py_pubsub/build/lib/py_pubsub
[1.234s] running install
[1.234s] running install_lib
[1.236s] copying /home/vd/ros2ws/build/py_pubsub/build/lib/py_pubsub/subscriber_member_function.py -> /home/vd/ros2ws/install/py_pubsub/lib/python3.10/site-packages/py_pubsub
[1.236s] copying /home/vd/ros2ws/build/py_pubsub/build/lib/py_pubsub/publisher_member_function.py -> /home/vd/ros2ws/install/py_pubsub/lib/python3.10/site-packages/py_pubsub
[1.237s] byte-compiling /home/vd/ros2ws/install/py_pubsub/lib/python3.10/site-packages/py_pubsub/subscriber_member_function.py to subscriber_member_function.cpython-310.pyc
[1.239s] byte-compiling /home/vd/ros2ws/install/py_pubsub/lib/python3.10/site-packages/py_pubsub/publisher_member_function.py to publisher_member_function.cpython-310.pyc
[1.240s] running install_data
[1.240s] running install_egg_info
[1.242s] removing '/home/vd/ros2ws/install/py_pubsub/lib/python3.10/site-packages/py_pubsub-0.0.0-py3.10.egg-info' (and everything under it)
[1.243s] Copying ../../build/py_pubsub/py_pubsub.egg-info to /home/vd/ros2ws/install/py_pubsub/lib/python3.10/site-packages/py_pubsub-0.0.0-py3.10.egg-info
[1.244s] running install_scripts
[1.273s] Installing listener script to /home/vd/ros2ws/install/py_pubsub/lib/py_pubsub
[1.273s] Installing talker script to /home/vd/ros2ws/install/py_pubsub/lib/py_pubsub
[1.273s] writing list of installed files to '/home/vd/ros2ws/build/py_pubsub/install.log'
[1.308s] Invoked command in '/home/vd/ros2ws/src/py_pubsub' returned '0': PYTHONPATH=/home/vd/ros2ws/build/py_pubsub/prefix_override:/usr/lib/python3/dist-packages/colcon_core/task/python/colcon_distutils_commands:/home/vd/ros2ws/install/py_pubsub/lib/python3.10/site-packages:${PYTHONPATH} /usr/bin/python3 -W ignore:setup.py install is deprecated -W ignore:easy_install command is deprecated setup.py egg_info --egg-base ../../build/py_pubsub build --build-base /home/vd/ros2ws/build/py_pubsub/build install --record /home/vd/ros2ws/build/py_pubsub/install.log --single-version-externally-managed install_data
